{"/Users/windaharyani/Documents/fhkvpn/react/src/APICalls/login.ts": {"path":"/Users/windaharyani/Documents/fhkvpn/react/src/APICalls/login.ts","statementMap":{"0":{"start":{"line":1,"column":0},"end":{"line":1,"column":45}},"1":{"start":{"line":2,"column":0},"end":{"line":2,"column":54}},"2":{"start":{"line":9,"column":21},"end":{"line":66,"column":null}},"3":{"start":{"line":9,"column":43},"end":{"line":66,"column":null}},"4":{"start":{"line":10,"column":8},"end":{"line":10,"column":null}},"5":{"start":{"line":12,"column":2},"end":{"line":12,"column":null}},"6":{"start":{"line":15,"column":21},"end":{"line":22,"column":null}},"7":{"start":{"line":15,"column":10},"end":{"line":22,"column":null}},"8":{"start":{"line":23,"column":4},"end":{"line":23,"column":null}},"9":{"start":{"line":25,"column":4},"end":{"line":36,"column":null}},"10":{"start":{"line":26,"column":6},"end":{"line":35,"column":null}},"11":{"start":{"line":39,"column":4},"end":{"line":39,"column":null}},"12":{"start":{"line":9,"column":13},"end":{"line":9,"column":21}}},"fnMap":{"0":{"name":"(anonymous_16)","decl":{"start":{"line":9,"column":21},"end":{"line":9,"column":28}},"loc":{"start":{"line":9,"column":43},"end":{"line":66,"column":null}}},"1":{"name":"(anonymous_17)","decl":{"start":{"line":9,"column":43},"end":{"line":9,"column":null}},"loc":{"start":{"line":9,"column":43},"end":{"line":66,"column":null}}}},"branchMap":{"0":{"loc":{"start":{"line":25,"column":4},"end":{"line":36,"column":null}},"type":"if","locations":[{"start":{"line":25,"column":4},"end":{"line":36,"column":null}}]},"1":{"loc":{"start":{"line":25,"column":8},"end":{"line":25,"column":24}},"type":"cond-expr","locations":[{"start":{"line":25,"column":16},"end":{"line":25,"column":18}},{"start":{"line":25,"column":8},"end":{"line":25,"column":24}}]},"2":{"loc":{"start":{"line":25,"column":8},"end":{"line":25,"column":18}},"type":"binary-expr","locations":[{"start":{"line":25,"column":8},"end":{"line":25,"column":18}},{"start":{"line":25,"column":8},"end":{"line":25,"column":18}}]},"3":{"loc":{"start":{"line":27,"column":22},"end":{"line":27,"column":49}},"type":"cond-expr","locations":[{"start":{"line":27,"column":35},"end":{"line":27,"column":37}},{"start":{"line":27,"column":35},"end":{"line":27,"column":49}}]},"4":{"loc":{"start":{"line":27,"column":22},"end":{"line":27,"column":37}},"type":"binary-expr","locations":[{"start":{"line":27,"column":22},"end":{"line":27,"column":37}},{"start":{"line":27,"column":35},"end":{"line":27,"column":37}}]},"5":{"loc":{"start":{"line":28,"column":23},"end":{"line":28,"column":51}},"type":"cond-expr","locations":[{"start":{"line":28,"column":36},"end":{"line":28,"column":38}},{"start":{"line":28,"column":36},"end":{"line":28,"column":51}}]},"6":{"loc":{"start":{"line":28,"column":23},"end":{"line":28,"column":38}},"type":"binary-expr","locations":[{"start":{"line":28,"column":23},"end":{"line":28,"column":38}},{"start":{"line":28,"column":36},"end":{"line":28,"column":38}}]},"7":{"loc":{"start":{"line":29,"column":18},"end":{"line":29,"column":41}},"type":"cond-expr","locations":[{"start":{"line":29,"column":31},"end":{"line":29,"column":33}},{"start":{"line":29,"column":31},"end":{"line":29,"column":41}}]},"8":{"loc":{"start":{"line":29,"column":18},"end":{"line":29,"column":33}},"type":"binary-expr","locations":[{"start":{"line":29,"column":18},"end":{"line":29,"column":33}},{"start":{"line":29,"column":31},"end":{"line":29,"column":33}}]},"9":{"loc":{"start":{"line":32,"column":22},"end":{"line":32,"column":49}},"type":"cond-expr","locations":[{"start":{"line":32,"column":35},"end":{"line":32,"column":37}},{"start":{"line":32,"column":35},"end":{"line":32,"column":49}}]},"10":{"loc":{"start":{"line":32,"column":22},"end":{"line":32,"column":37}},"type":"binary-expr","locations":[{"start":{"line":32,"column":22},"end":{"line":32,"column":37}},{"start":{"line":32,"column":35},"end":{"line":32,"column":37}}]},"11":{"loc":{"start":{"line":33,"column":15},"end":{"line":33,"column":35}},"type":"cond-expr","locations":[{"start":{"line":33,"column":28},"end":{"line":33,"column":30}},{"start":{"line":33,"column":28},"end":{"line":33,"column":35}}]},"12":{"loc":{"start":{"line":33,"column":15},"end":{"line":33,"column":30}},"type":"binary-expr","locations":[{"start":{"line":33,"column":15},"end":{"line":33,"column":30}},{"start":{"line":33,"column":28},"end":{"line":33,"column":30}}]}},"s":{"0":1,"1":1,"2":1,"3":0,"4":0,"5":0,"6":0,"7":0,"8":0,"9":0,"10":0,"11":0,"12":1},"f":{"0":0,"1":0},"b":{"0":[0],"1":[0,0],"2":[0,0],"3":[0,0],"4":[0,0],"5":[0,0],"6":[0,0],"7":[0,0],"8":[0,0],"9":[0,0],"10":[0,0],"11":[0,0],"12":[0,0]}}
,"/Users/windaharyani/Documents/fhkvpn/react/src/APICalls/notify.ts": {"path":"/Users/windaharyani/Documents/fhkvpn/react/src/APICalls/notify.ts","statementMap":{"0":{"start":{"line":1,"column":0},"end":{"line":1,"column":54}},"1":{"start":{"line":3,"column":0},"end":{"line":3,"column":null}},"2":{"start":{"line":18,"column":0},"end":{"line":18,"column":47}},"3":{"start":{"line":20,"column":25},"end":{"line":22,"column":null}},"4":{"start":{"line":24,"column":33},"end":{"line":35,"column":null}},"5":{"start":{"line":24,"column":55},"end":{"line":35,"column":null}},"6":{"start":{"line":26,"column":21},"end":{"line":29,"column":null}},"7":{"start":{"line":26,"column":10},"end":{"line":29,"column":null}},"8":{"start":{"line":30,"column":4},"end":{"line":30,"column":null}},"9":{"start":{"line":32,"column":4},"end":{"line":32,"column":null}},"10":{"start":{"line":33,"column":4},"end":{"line":33,"column":null}},"11":{"start":{"line":24,"column":13},"end":{"line":24,"column":33}},"12":{"start":{"line":37,"column":32},"end":{"line":48,"column":null}},"13":{"start":{"line":37,"column":54},"end":{"line":48,"column":null}},"14":{"start":{"line":39,"column":21},"end":{"line":42,"column":null}},"15":{"start":{"line":39,"column":10},"end":{"line":42,"column":null}},"16":{"start":{"line":43,"column":4},"end":{"line":43,"column":null}},"17":{"start":{"line":45,"column":4},"end":{"line":45,"column":null}},"18":{"start":{"line":46,"column":4},"end":{"line":46,"column":null}},"19":{"start":{"line":37,"column":13},"end":{"line":37,"column":32}},"20":{"start":{"line":50,"column":31},"end":{"line":61,"column":null}},"21":{"start":{"line":50,"column":52},"end":{"line":61,"column":null}},"22":{"start":{"line":52,"column":21},"end":{"line":55,"column":null}},"23":{"start":{"line":52,"column":10},"end":{"line":55,"column":null}},"24":{"start":{"line":56,"column":4},"end":{"line":56,"column":null}},"25":{"start":{"line":58,"column":4},"end":{"line":58,"column":null}},"26":{"start":{"line":59,"column":4},"end":{"line":59,"column":null}},"27":{"start":{"line":50,"column":13},"end":{"line":50,"column":31}},"28":{"start":{"line":63,"column":38},"end":{"line":74,"column":null}},"29":{"start":{"line":65,"column":10},"end":{"line":65,"column":null}},"30":{"start":{"line":66,"column":21},"end":{"line":69,"column":null}},"31":{"start":{"line":66,"column":10},"end":{"line":69,"column":null}},"32":{"start":{"line":70,"column":4},"end":{"line":70,"column":null}},"33":{"start":{"line":72,"column":4},"end":{"line":72,"column":null}},"34":{"start":{"line":63,"column":13},"end":{"line":63,"column":38}},"35":{"start":{"line":76,"column":41},"end":{"line":87,"column":null}},"36":{"start":{"line":78,"column":10},"end":{"line":78,"column":null}},"37":{"start":{"line":79,"column":21},"end":{"line":82,"column":null}},"38":{"start":{"line":79,"column":10},"end":{"line":82,"column":null}},"39":{"start":{"line":83,"column":4},"end":{"line":83,"column":null}},"40":{"start":{"line":85,"column":4},"end":{"line":85,"column":null}},"41":{"start":{"line":76,"column":13},"end":{"line":76,"column":41}},"42":{"start":{"line":89,"column":38},"end":{"line":104,"column":null}},"43":{"start":{"line":91,"column":14},"end":{"line":104,"column":null}},"44":{"start":{"line":94,"column":10},"end":{"line":94,"column":null}},"45":{"start":{"line":95,"column":4},"end":{"line":95,"column":null}},"46":{"start":{"line":96,"column":21},"end":{"line":99,"column":null}},"47":{"start":{"line":96,"column":10},"end":{"line":99,"column":null}},"48":{"start":{"line":100,"column":4},"end":{"line":100,"column":null}},"49":{"start":{"line":102,"column":4},"end":{"line":102,"column":null}},"50":{"start":{"line":89,"column":13},"end":{"line":89,"column":38}},"51":{"start":{"line":106,"column":35},"end":{"line":122,"column":null}},"52":{"start":{"line":109,"column":14},"end":{"line":122,"column":null}},"53":{"start":{"line":112,"column":10},"end":{"line":112,"column":null}},"54":{"start":{"line":113,"column":21},"end":{"line":117,"column":null}},"55":{"start":{"line":113,"column":10},"end":{"line":117,"column":null}},"56":{"start":{"line":118,"column":4},"end":{"line":118,"column":null}},"57":{"start":{"line":120,"column":4},"end":{"line":120,"column":null}},"58":{"start":{"line":106,"column":13},"end":{"line":106,"column":35}},"59":{"start":{"line":124,"column":44},"end":{"line":140,"column":null}},"60":{"start":{"line":127,"column":14},"end":{"line":140,"column":null}},"61":{"start":{"line":130,"column":10},"end":{"line":130,"column":null}},"62":{"start":{"line":131,"column":21},"end":{"line":135,"column":null}},"63":{"start":{"line":131,"column":10},"end":{"line":135,"column":null}},"64":{"start":{"line":136,"column":4},"end":{"line":136,"column":null}},"65":{"start":{"line":138,"column":4},"end":{"line":138,"column":null}},"66":{"start":{"line":124,"column":13},"end":{"line":124,"column":44}},"67":{"start":{"line":142,"column":35},"end":{"line":153,"column":null}},"68":{"start":{"line":144,"column":10},"end":{"line":144,"column":null}},"69":{"start":{"line":145,"column":21},"end":{"line":148,"column":null}},"70":{"start":{"line":145,"column":10},"end":{"line":148,"column":null}},"71":{"start":{"line":149,"column":4},"end":{"line":149,"column":null}},"72":{"start":{"line":151,"column":4},"end":{"line":151,"column":null}},"73":{"start":{"line":142,"column":13},"end":{"line":142,"column":35}}},"fnMap":{"0":{"name":"(anonymous_16)","decl":{"start":{"line":24,"column":33},"end":{"line":24,"column":40}},"loc":{"start":{"line":24,"column":55},"end":{"line":35,"column":null}}},"1":{"name":"(anonymous_17)","decl":{"start":{"line":24,"column":55},"end":{"line":24,"column":null}},"loc":{"start":{"line":24,"column":55},"end":{"line":35,"column":null}}},"2":{"name":"(anonymous_19)","decl":{"start":{"line":37,"column":32},"end":{"line":37,"column":39}},"loc":{"start":{"line":37,"column":54},"end":{"line":48,"column":null}}},"3":{"name":"(anonymous_20)","decl":{"start":{"line":37,"column":54},"end":{"line":37,"column":null}},"loc":{"start":{"line":37,"column":54},"end":{"line":48,"column":null}}},"4":{"name":"(anonymous_22)","decl":{"start":{"line":50,"column":31},"end":{"line":50,"column":38}},"loc":{"start":{"line":50,"column":52},"end":{"line":61,"column":null}}},"5":{"name":"(anonymous_23)","decl":{"start":{"line":50,"column":52},"end":{"line":50,"column":null}},"loc":{"start":{"line":50,"column":52},"end":{"line":61,"column":null}}},"6":{"name":"(anonymous_25)","decl":{"start":{"line":63,"column":38},"end":{"line":63,"column":null}},"loc":{"start":{"line":63,"column":38},"end":{"line":74,"column":null}}},"7":{"name":"(anonymous_28)","decl":{"start":{"line":76,"column":41},"end":{"line":76,"column":null}},"loc":{"start":{"line":76,"column":41},"end":{"line":87,"column":null}}},"8":{"name":"(anonymous_31)","decl":{"start":{"line":89,"column":38},"end":{"line":89,"column":null}},"loc":{"start":{"line":91,"column":14},"end":{"line":104,"column":null}}},"9":{"name":"(anonymous_32)","decl":{"start":{"line":91,"column":14},"end":{"line":91,"column":null}},"loc":{"start":{"line":91,"column":14},"end":{"line":104,"column":null}}},"10":{"name":"(anonymous_34)","decl":{"start":{"line":106,"column":35},"end":{"line":106,"column":null}},"loc":{"start":{"line":109,"column":14},"end":{"line":122,"column":null}}},"11":{"name":"(anonymous_35)","decl":{"start":{"line":109,"column":14},"end":{"line":109,"column":null}},"loc":{"start":{"line":109,"column":14},"end":{"line":122,"column":null}}},"12":{"name":"(anonymous_37)","decl":{"start":{"line":124,"column":44},"end":{"line":124,"column":null}},"loc":{"start":{"line":127,"column":14},"end":{"line":140,"column":null}}},"13":{"name":"(anonymous_38)","decl":{"start":{"line":127,"column":14},"end":{"line":127,"column":null}},"loc":{"start":{"line":127,"column":14},"end":{"line":140,"column":null}}},"14":{"name":"(anonymous_40)","decl":{"start":{"line":142,"column":35},"end":{"line":142,"column":null}},"loc":{"start":{"line":142,"column":35},"end":{"line":153,"column":null}}}},"branchMap":{"0":{"loc":{"start":{"line":21,"column":11},"end":{"line":21,"column":40}},"type":"cond-expr","locations":[{"start":{"line":21,"column":25},"end":{"line":21,"column":27}},{"start":{"line":21,"column":25},"end":{"line":21,"column":40}}]},"1":{"loc":{"start":{"line":21,"column":11},"end":{"line":21,"column":27}},"type":"binary-expr","locations":[{"start":{"line":21,"column":11},"end":{"line":21,"column":27}},{"start":{"line":21,"column":25},"end":{"line":21,"column":27}}]}},"s":{"0":1,"1":1,"2":1,"3":1,"4":1,"5":0,"6":0,"7":0,"8":0,"9":0,"10":0,"11":1,"12":1,"13":0,"14":0,"15":0,"16":0,"17":0,"18":0,"19":1,"20":1,"21":0,"22":0,"23":0,"24":0,"25":0,"26":0,"27":1,"28":1,"29":0,"30":0,"31":0,"32":0,"33":0,"34":1,"35":1,"36":0,"37":0,"38":0,"39":0,"40":0,"41":1,"42":1,"43":0,"44":0,"45":0,"46":0,"47":0,"48":0,"49":0,"50":1,"51":1,"52":0,"53":0,"54":0,"55":0,"56":0,"57":0,"58":1,"59":1,"60":0,"61":0,"62":0,"63":0,"64":0,"65":0,"66":1,"67":4,"68":3,"69":3,"70":0,"71":0,"72":3,"73":1},"f":{"0":0,"1":0,"2":0,"3":0,"4":0,"5":0,"6":0,"7":0,"8":0,"9":0,"10":0,"11":0,"12":0,"13":0,"14":6},"b":{"0":[1,0],"1":[1,1]}}
,"/Users/windaharyani/Documents/fhkvpn/react/src/APICalls/tenantManage.ts": {"path":"/Users/windaharyani/Documents/fhkvpn/react/src/APICalls/tenantManage.ts","statementMap":{"0":{"start":{"line":1,"column":0},"end":{"line":1,"column":58}},"1":{"start":{"line":2,"column":0},"end":{"line":2,"column":null}},"2":{"start":{"line":15,"column":0},"end":{"line":15,"column":47}},"3":{"start":{"line":16,"column":0},"end":{"line":16,"column":54}},"4":{"start":{"line":18,"column":32},"end":{"line":39,"column":null}},"5":{"start":{"line":20,"column":20},"end":{"line":39,"column":null}},"6":{"start":{"line":22,"column":2},"end":{"line":24,"column":null}},"7":{"start":{"line":27,"column":21},"end":{"line":32,"column":null}},"8":{"start":{"line":27,"column":10},"end":{"line":32,"column":null}},"9":{"start":{"line":33,"column":4},"end":{"line":33,"column":null}},"10":{"start":{"line":34,"column":4},"end":{"line":34,"column":null}},"11":{"start":{"line":36,"column":4},"end":{"line":36,"column":null}},"12":{"start":{"line":37,"column":4},"end":{"line":37,"column":null}},"13":{"start":{"line":18,"column":13},"end":{"line":18,"column":32}},"14":{"start":{"line":41,"column":28},"end":{"line":60,"column":null}},"15":{"start":{"line":41,"column":61},"end":{"line":60,"column":null}},"16":{"start":{"line":42,"column":8},"end":{"line":42,"column":null}},"17":{"start":{"line":44,"column":21},"end":{"line":53,"column":null}},"18":{"start":{"line":44,"column":10},"end":{"line":53,"column":null}},"19":{"start":{"line":55,"column":4},"end":{"line":55,"column":null}},"20":{"start":{"line":57,"column":4},"end":{"line":57,"column":null}},"21":{"start":{"line":58,"column":4},"end":{"line":58,"column":null}},"22":{"start":{"line":41,"column":13},"end":{"line":41,"column":28}},"23":{"start":{"line":62,"column":32},"end":{"line":85,"column":null}},"24":{"start":{"line":65,"column":18},"end":{"line":85,"column":null}},"25":{"start":{"line":67,"column":8},"end":{"line":67,"column":null}},"26":{"start":{"line":69,"column":21},"end":{"line":78,"column":null}},"27":{"start":{"line":69,"column":10},"end":{"line":78,"column":null}},"28":{"start":{"line":80,"column":4},"end":{"line":80,"column":null}},"29":{"start":{"line":82,"column":4},"end":{"line":82,"column":null}},"30":{"start":{"line":83,"column":4},"end":{"line":83,"column":null}},"31":{"start":{"line":62,"column":13},"end":{"line":62,"column":32}},"32":{"start":{"line":88,"column":29},"end":{"line":101,"column":null}},"33":{"start":{"line":88,"column":52},"end":{"line":101,"column":null}},"34":{"start":{"line":90,"column":21},"end":{"line":94,"column":null}},"35":{"start":{"line":90,"column":10},"end":{"line":94,"column":null}},"36":{"start":{"line":96,"column":4},"end":{"line":96,"column":null}},"37":{"start":{"line":98,"column":4},"end":{"line":98,"column":null}},"38":{"start":{"line":99,"column":4},"end":{"line":99,"column":null}},"39":{"start":{"line":88,"column":13},"end":{"line":88,"column":29}},"40":{"start":{"line":103,"column":35},"end":{"line":125,"column":null}},"41":{"start":{"line":105,"column":18},"end":{"line":125,"column":null}},"42":{"start":{"line":111,"column":21},"end":{"line":115,"column":null}},"43":{"start":{"line":111,"column":10},"end":{"line":115,"column":null}},"44":{"start":{"line":120,"column":4},"end":{"line":120,"column":null}},"45":{"start":{"line":122,"column":4},"end":{"line":122,"column":null}},"46":{"start":{"line":123,"column":4},"end":{"line":123,"column":null}},"47":{"start":{"line":103,"column":13},"end":{"line":103,"column":35}},"48":{"start":{"line":127,"column":34},"end":{"line":143,"column":null}},"49":{"start":{"line":127,"column":68},"end":{"line":143,"column":null}},"50":{"start":{"line":129,"column":21},"end":{"line":133,"column":null}},"51":{"start":{"line":129,"column":10},"end":{"line":133,"column":null}},"52":{"start":{"line":138,"column":4},"end":{"line":138,"column":null}},"53":{"start":{"line":140,"column":4},"end":{"line":140,"column":null}},"54":{"start":{"line":141,"column":4},"end":{"line":141,"column":null}},"55":{"start":{"line":127,"column":13},"end":{"line":127,"column":34}},"56":{"start":{"line":145,"column":35},"end":{"line":167,"column":null}},"57":{"start":{"line":147,"column":18},"end":{"line":167,"column":null}},"58":{"start":{"line":150,"column":21},"end":{"line":157,"column":null}},"59":{"start":{"line":150,"column":10},"end":{"line":157,"column":null}},"60":{"start":{"line":158,"column":4},"end":{"line":161,"column":null}},"61":{"start":{"line":162,"column":4},"end":{"line":162,"column":null}},"62":{"start":{"line":164,"column":4},"end":{"line":164,"column":null}},"63":{"start":{"line":165,"column":4},"end":{"line":165,"column":null}},"64":{"start":{"line":145,"column":13},"end":{"line":145,"column":35}},"65":{"start":{"line":169,"column":34},"end":{"line":185,"column":null}},"66":{"start":{"line":169,"column":68},"end":{"line":185,"column":null}},"67":{"start":{"line":171,"column":21},"end":{"line":175,"column":null}},"68":{"start":{"line":171,"column":10},"end":{"line":175,"column":null}},"69":{"start":{"line":180,"column":4},"end":{"line":180,"column":null}},"70":{"start":{"line":182,"column":4},"end":{"line":182,"column":null}},"71":{"start":{"line":183,"column":4},"end":{"line":183,"column":null}},"72":{"start":{"line":169,"column":13},"end":{"line":169,"column":34}}},"fnMap":{"0":{"name":"(anonymous_16)","decl":{"start":{"line":18,"column":32},"end":{"line":18,"column":null}},"loc":{"start":{"line":20,"column":20},"end":{"line":39,"column":null}}},"1":{"name":"(anonymous_17)","decl":{"start":{"line":20,"column":20},"end":{"line":20,"column":null}},"loc":{"start":{"line":20,"column":20},"end":{"line":39,"column":null}}},"2":{"name":"(anonymous_19)","decl":{"start":{"line":41,"column":28},"end":{"line":41,"column":35}},"loc":{"start":{"line":41,"column":61},"end":{"line":60,"column":null}}},"3":{"name":"(anonymous_20)","decl":{"start":{"line":41,"column":61},"end":{"line":41,"column":null}},"loc":{"start":{"line":41,"column":61},"end":{"line":60,"column":null}}},"4":{"name":"(anonymous_22)","decl":{"start":{"line":62,"column":32},"end":{"line":62,"column":null}},"loc":{"start":{"line":65,"column":18},"end":{"line":85,"column":null}}},"5":{"name":"(anonymous_23)","decl":{"start":{"line":65,"column":18},"end":{"line":65,"column":null}},"loc":{"start":{"line":65,"column":18},"end":{"line":85,"column":null}}},"6":{"name":"(anonymous_25)","decl":{"start":{"line":88,"column":29},"end":{"line":88,"column":36}},"loc":{"start":{"line":88,"column":52},"end":{"line":101,"column":null}}},"7":{"name":"(anonymous_26)","decl":{"start":{"line":88,"column":52},"end":{"line":88,"column":null}},"loc":{"start":{"line":88,"column":52},"end":{"line":101,"column":null}}},"8":{"name":"(anonymous_28)","decl":{"start":{"line":103,"column":35},"end":{"line":103,"column":null}},"loc":{"start":{"line":105,"column":18},"end":{"line":125,"column":null}}},"9":{"name":"(anonymous_29)","decl":{"start":{"line":105,"column":18},"end":{"line":105,"column":null}},"loc":{"start":{"line":105,"column":18},"end":{"line":125,"column":null}}},"10":{"name":"(anonymous_31)","decl":{"start":{"line":127,"column":34},"end":{"line":127,"column":41}},"loc":{"start":{"line":127,"column":68},"end":{"line":143,"column":null}}},"11":{"name":"(anonymous_32)","decl":{"start":{"line":127,"column":68},"end":{"line":127,"column":null}},"loc":{"start":{"line":127,"column":68},"end":{"line":143,"column":null}}},"12":{"name":"(anonymous_34)","decl":{"start":{"line":145,"column":35},"end":{"line":145,"column":null}},"loc":{"start":{"line":147,"column":18},"end":{"line":167,"column":null}}},"13":{"name":"(anonymous_35)","decl":{"start":{"line":147,"column":18},"end":{"line":147,"column":null}},"loc":{"start":{"line":147,"column":18},"end":{"line":167,"column":null}}},"14":{"name":"(anonymous_37)","decl":{"start":{"line":169,"column":34},"end":{"line":169,"column":41}},"loc":{"start":{"line":169,"column":68},"end":{"line":185,"column":null}}},"15":{"name":"(anonymous_38)","decl":{"start":{"line":169,"column":68},"end":{"line":169,"column":null}},"loc":{"start":{"line":169,"column":68},"end":{"line":185,"column":null}}}},"branchMap":{},"s":{"0":1,"1":1,"2":1,"3":1,"4":1,"5":0,"6":0,"7":0,"8":0,"9":0,"10":0,"11":0,"12":0,"13":1,"14":1,"15":0,"16":0,"17":0,"18":0,"19":0,"20":0,"21":0,"22":1,"23":1,"24":0,"25":0,"26":0,"27":0,"28":0,"29":0,"30":0,"31":1,"32":1,"33":0,"34":0,"35":0,"36":0,"37":0,"38":0,"39":1,"40":1,"41":0,"42":0,"43":0,"44":0,"45":0,"46":0,"47":1,"48":1,"49":0,"50":0,"51":0,"52":0,"53":0,"54":0,"55":1,"56":1,"57":0,"58":0,"59":0,"60":0,"61":0,"62":0,"63":0,"64":1,"65":1,"66":0,"67":0,"68":0,"69":0,"70":0,"71":0,"72":1},"f":{"0":0,"1":0,"2":0,"3":0,"4":0,"5":0,"6":0,"7":0,"8":0,"9":0,"10":0,"11":0,"12":0,"13":0,"14":0,"15":0},"b":{}}
,"/Users/windaharyani/Documents/fhkvpn/react/src/APICalls/userAccount.ts": {"path":"/Users/windaharyani/Documents/fhkvpn/react/src/APICalls/userAccount.ts","statementMap":{"0":{"start":{"line":2,"column":0},"end":{"line":2,"column":null}},"1":{"start":{"line":10,"column":0},"end":{"line":10,"column":48}},"2":{"start":{"line":11,"column":0},"end":{"line":11,"column":54}},"3":{"start":{"line":15,"column":33},"end":{"line":27,"column":2}},"4":{"start":{"line":16,"column":8},"end":{"line":16,"column":null}},"5":{"start":{"line":18,"column":25},"end":{"line":21,"column":null}},"6":{"start":{"line":18,"column":14},"end":{"line":21,"column":null}},"7":{"start":{"line":22,"column":8},"end":{"line":22,"column":24}},"8":{"start":{"line":24,"column":8},"end":{"line":24,"column":57}},"9":{"start":{"line":25,"column":8},"end":{"line":25,"column":null}},"10":{"start":{"line":15,"column":13},"end":{"line":15,"column":33}},"11":{"start":{"line":29,"column":36},"end":{"line":45,"column":4}},"12":{"start":{"line":29,"column":69},"end":{"line":45,"column":4}},"13":{"start":{"line":30,"column":10},"end":{"line":30,"column":null}},"14":{"start":{"line":32,"column":27},"end":{"line":39,"column":null}},"15":{"start":{"line":32,"column":16},"end":{"line":39,"column":null}},"16":{"start":{"line":40,"column":10},"end":{"line":40,"column":26}},"17":{"start":{"line":42,"column":10},"end":{"line":42,"column":59}},"18":{"start":{"line":43,"column":10},"end":{"line":43,"column":null}},"19":{"start":{"line":29,"column":13},"end":{"line":29,"column":36}},"20":{"start":{"line":47,"column":31},"end":{"line":64,"column":2}},"21":{"start":{"line":47,"column":47},"end":{"line":64,"column":2}},"22":{"start":{"line":49,"column":25},"end":{"line":53,"column":null}},"23":{"start":{"line":49,"column":14},"end":{"line":53,"column":null}},"24":{"start":{"line":54,"column":8},"end":{"line":54,"column":24}},"25":{"start":{"line":56,"column":8},"end":{"line":62,"column":null}},"26":{"start":{"line":57,"column":18},"end":{"line":57,"column":null}},"27":{"start":{"line":58,"column":12},"end":{"line":58,"column":null}},"28":{"start":{"line":60,"column":12},"end":{"line":60,"column":61}},"29":{"start":{"line":61,"column":12},"end":{"line":61,"column":24}},"30":{"start":{"line":47,"column":13},"end":{"line":47,"column":31}},"31":{"start":{"line":66,"column":33},"end":{"line":79,"column":2}},"32":{"start":{"line":66,"column":66},"end":{"line":79,"column":2}},"33":{"start":{"line":67,"column":8},"end":{"line":67,"column":null}},"34":{"start":{"line":69,"column":25},"end":{"line":73,"column":null}},"35":{"start":{"line":69,"column":14},"end":{"line":73,"column":null}},"36":{"start":{"line":74,"column":8},"end":{"line":74,"column":24}},"37":{"start":{"line":76,"column":8},"end":{"line":76,"column":56}},"38":{"start":{"line":77,"column":8},"end":{"line":77,"column":20}},"39":{"start":{"line":66,"column":13},"end":{"line":66,"column":33}},"40":{"start":{"line":81,"column":33},"end":{"line":94,"column":2}},"41":{"start":{"line":81,"column":66},"end":{"line":94,"column":2}},"42":{"start":{"line":82,"column":8},"end":{"line":82,"column":null}},"43":{"start":{"line":84,"column":25},"end":{"line":88,"column":null}},"44":{"start":{"line":84,"column":14},"end":{"line":88,"column":null}},"45":{"start":{"line":89,"column":8},"end":{"line":89,"column":24}},"46":{"start":{"line":91,"column":8},"end":{"line":91,"column":56}},"47":{"start":{"line":92,"column":8},"end":{"line":92,"column":20}},"48":{"start":{"line":81,"column":13},"end":{"line":81,"column":33}},"49":{"start":{"line":96,"column":34},"end":{"line":109,"column":4}},"50":{"start":{"line":96,"column":76},"end":{"line":109,"column":4}},"51":{"start":{"line":97,"column":10},"end":{"line":97,"column":null}},"52":{"start":{"line":99,"column":27},"end":{"line":103,"column":null}},"53":{"start":{"line":99,"column":16},"end":{"line":103,"column":null}},"54":{"start":{"line":104,"column":10},"end":{"line":104,"column":26}},"55":{"start":{"line":106,"column":10},"end":{"line":106,"column":56}},"56":{"start":{"line":107,"column":10},"end":{"line":107,"column":22}},"57":{"start":{"line":96,"column":13},"end":{"line":96,"column":34}}},"fnMap":{"0":{"name":"(anonymous_16)","decl":{"start":{"line":15,"column":33},"end":{"line":15,"column":null}},"loc":{"start":{"line":15,"column":33},"end":{"line":27,"column":2}}},"1":{"name":"(anonymous_19)","decl":{"start":{"line":29,"column":36},"end":{"line":29,"column":43}},"loc":{"start":{"line":29,"column":69},"end":{"line":45,"column":4}}},"2":{"name":"(anonymous_20)","decl":{"start":{"line":29,"column":69},"end":{"line":29,"column":null}},"loc":{"start":{"line":29,"column":69},"end":{"line":45,"column":4}}},"3":{"name":"(anonymous_22)","decl":{"start":{"line":47,"column":31},"end":{"line":47,"column":38}},"loc":{"start":{"line":47,"column":47},"end":{"line":64,"column":2}}},"4":{"name":"(anonymous_23)","decl":{"start":{"line":47,"column":47},"end":{"line":47,"column":null}},"loc":{"start":{"line":47,"column":47},"end":{"line":64,"column":2}}},"5":{"name":"(anonymous_25)","decl":{"start":{"line":66,"column":33},"end":{"line":66,"column":40}},"loc":{"start":{"line":66,"column":66},"end":{"line":79,"column":2}}},"6":{"name":"(anonymous_26)","decl":{"start":{"line":66,"column":66},"end":{"line":66,"column":null}},"loc":{"start":{"line":66,"column":66},"end":{"line":79,"column":2}}},"7":{"name":"(anonymous_28)","decl":{"start":{"line":81,"column":33},"end":{"line":81,"column":40}},"loc":{"start":{"line":81,"column":66},"end":{"line":94,"column":2}}},"8":{"name":"(anonymous_29)","decl":{"start":{"line":81,"column":66},"end":{"line":81,"column":null}},"loc":{"start":{"line":81,"column":66},"end":{"line":94,"column":2}}},"9":{"name":"(anonymous_31)","decl":{"start":{"line":96,"column":34},"end":{"line":96,"column":41}},"loc":{"start":{"line":96,"column":76},"end":{"line":109,"column":4}}},"10":{"name":"(anonymous_32)","decl":{"start":{"line":96,"column":76},"end":{"line":96,"column":null}},"loc":{"start":{"line":96,"column":76},"end":{"line":109,"column":4}}}},"branchMap":{"0":{"loc":{"start":{"line":56,"column":8},"end":{"line":62,"column":null}},"type":"if","locations":[{"start":{"line":56,"column":8},"end":{"line":62,"column":null}},{"start":{"line":59,"column":17},"end":{"line":62,"column":null}}]}},"s":{"0":2,"1":2,"2":2,"3":2,"4":0,"5":0,"6":0,"7":0,"8":0,"9":0,"10":2,"11":2,"12":0,"13":0,"14":0,"15":0,"16":0,"17":0,"18":0,"19":2,"20":2,"21":0,"22":0,"23":0,"24":0,"25":0,"26":0,"27":0,"28":0,"29":0,"30":2,"31":2,"32":0,"33":0,"34":0,"35":0,"36":0,"37":0,"38":0,"39":2,"40":2,"41":0,"42":0,"43":0,"44":0,"45":0,"46":0,"47":0,"48":2,"49":2,"50":0,"51":0,"52":0,"53":0,"54":0,"55":0,"56":0,"57":2},"f":{"0":0,"1":0,"2":0,"3":0,"4":0,"5":0,"6":0,"7":0,"8":0,"9":0,"10":0},"b":{"0":[0,0]}}
,"/Users/windaharyani/Documents/fhkvpn/react/src/APICalls/ASTD/recycling.ts": {"path":"/Users/windaharyani/Documents/fhkvpn/react/src/APICalls/ASTD/recycling.ts","statementMap":{"0":{"start":{"line":1,"column":0},"end":{"line":1,"column":57}},"1":{"start":{"line":2,"column":0},"end":{"line":2,"column":null}},"2":{"start":{"line":7,"column":0},"end":{"line":7,"column":51}},"3":{"start":{"line":9,"column":27},"end":{"line":22,"column":null}},"4":{"start":{"line":9,"column":43},"end":{"line":22,"column":null}},"5":{"start":{"line":11,"column":21},"end":{"line":15,"column":null}},"6":{"start":{"line":11,"column":10},"end":{"line":15,"column":null}},"7":{"start":{"line":17,"column":4},"end":{"line":17,"column":null}},"8":{"start":{"line":19,"column":4},"end":{"line":19,"column":null}},"9":{"start":{"line":20,"column":4},"end":{"line":20,"column":null}},"10":{"start":{"line":9,"column":13},"end":{"line":9,"column":27}},"11":{"start":{"line":24,"column":25},"end":{"line":37,"column":null}},"12":{"start":{"line":24,"column":41},"end":{"line":37,"column":null}},"13":{"start":{"line":26,"column":23},"end":{"line":30,"column":null}},"14":{"start":{"line":26,"column":12},"end":{"line":30,"column":null}},"15":{"start":{"line":32,"column":6},"end":{"line":32,"column":null}},"16":{"start":{"line":34,"column":6},"end":{"line":34,"column":null}},"17":{"start":{"line":35,"column":6},"end":{"line":35,"column":null}},"18":{"start":{"line":24,"column":13},"end":{"line":24,"column":25}},"19":{"start":{"line":39,"column":27},"end":{"line":52,"column":null}},"20":{"start":{"line":39,"column":64},"end":{"line":52,"column":null}},"21":{"start":{"line":41,"column":21},"end":{"line":45,"column":null}},"22":{"start":{"line":41,"column":10},"end":{"line":45,"column":null}},"23":{"start":{"line":47,"column":2},"end":{"line":47,"column":null}},"24":{"start":{"line":49,"column":4},"end":{"line":49,"column":null}},"25":{"start":{"line":50,"column":4},"end":{"line":50,"column":null}},"26":{"start":{"line":39,"column":13},"end":{"line":39,"column":27}},"27":{"start":{"line":54,"column":27},"end":{"line":67,"column":null}},"28":{"start":{"line":54,"column":64},"end":{"line":67,"column":null}},"29":{"start":{"line":56,"column":21},"end":{"line":60,"column":null}},"30":{"start":{"line":56,"column":10},"end":{"line":60,"column":null}},"31":{"start":{"line":62,"column":2},"end":{"line":62,"column":null}},"32":{"start":{"line":64,"column":4},"end":{"line":64,"column":null}},"33":{"start":{"line":65,"column":4},"end":{"line":65,"column":null}},"34":{"start":{"line":54,"column":13},"end":{"line":54,"column":27}},"35":{"start":{"line":69,"column":30},"end":{"line":82,"column":null}},"36":{"start":{"line":69,"column":67},"end":{"line":82,"column":null}},"37":{"start":{"line":71,"column":21},"end":{"line":75,"column":null}},"38":{"start":{"line":71,"column":10},"end":{"line":75,"column":null}},"39":{"start":{"line":77,"column":2},"end":{"line":77,"column":null}},"40":{"start":{"line":79,"column":4},"end":{"line":79,"column":null}},"41":{"start":{"line":80,"column":4},"end":{"line":80,"column":null}},"42":{"start":{"line":69,"column":13},"end":{"line":69,"column":30}},"43":{"start":{"line":84,"column":30},"end":{"line":97,"column":null}},"44":{"start":{"line":84,"column":67},"end":{"line":97,"column":null}},"45":{"start":{"line":86,"column":21},"end":{"line":90,"column":null}},"46":{"start":{"line":86,"column":10},"end":{"line":90,"column":null}},"47":{"start":{"line":92,"column":2},"end":{"line":92,"column":null}},"48":{"start":{"line":94,"column":4},"end":{"line":94,"column":null}},"49":{"start":{"line":95,"column":4},"end":{"line":95,"column":null}},"50":{"start":{"line":84,"column":13},"end":{"line":84,"column":30}},"51":{"start":{"line":99,"column":30},"end":{"line":112,"column":null}},"52":{"start":{"line":99,"column":67},"end":{"line":112,"column":null}},"53":{"start":{"line":101,"column":23},"end":{"line":105,"column":null}},"54":{"start":{"line":101,"column":12},"end":{"line":105,"column":null}},"55":{"start":{"line":107,"column":4},"end":{"line":107,"column":null}},"56":{"start":{"line":109,"column":6},"end":{"line":109,"column":null}},"57":{"start":{"line":110,"column":6},"end":{"line":110,"column":null}},"58":{"start":{"line":99,"column":13},"end":{"line":99,"column":30}},"59":{"start":{"line":114,"column":35},"end":{"line":133,"column":null}},"60":{"start":{"line":114,"column":68},"end":{"line":133,"column":null}},"61":{"start":{"line":116,"column":10},"end":{"line":116,"column":null}},"62":{"start":{"line":117,"column":21},"end":{"line":127,"column":null}},"63":{"start":{"line":117,"column":10},"end":{"line":127,"column":null}},"64":{"start":{"line":128,"column":4},"end":{"line":128,"column":null}},"65":{"start":{"line":130,"column":4},"end":{"line":130,"column":null}},"66":{"start":{"line":131,"column":4},"end":{"line":131,"column":null}},"67":{"start":{"line":114,"column":13},"end":{"line":114,"column":35}},"68":{"start":{"line":135,"column":35},"end":{"line":147,"column":null}},"69":{"start":{"line":135,"column":51},"end":{"line":147,"column":null}},"70":{"start":{"line":137,"column":21},"end":{"line":141,"column":null}},"71":{"start":{"line":137,"column":10},"end":{"line":141,"column":null}},"72":{"start":{"line":142,"column":4},"end":{"line":142,"column":null}},"73":{"start":{"line":144,"column":4},"end":{"line":144,"column":null}},"74":{"start":{"line":145,"column":4},"end":{"line":145,"column":null}},"75":{"start":{"line":135,"column":13},"end":{"line":135,"column":35}},"76":{"start":{"line":149,"column":33},"end":{"line":162,"column":null}},"77":{"start":{"line":149,"column":70},"end":{"line":162,"column":null}},"78":{"start":{"line":151,"column":10},"end":{"line":151,"column":null}},"79":{"start":{"line":152,"column":21},"end":{"line":156,"column":null}},"80":{"start":{"line":152,"column":10},"end":{"line":156,"column":null}},"81":{"start":{"line":157,"column":4},"end":{"line":157,"column":null}},"82":{"start":{"line":159,"column":4},"end":{"line":159,"column":null}},"83":{"start":{"line":160,"column":3},"end":{"line":160,"column":null}},"84":{"start":{"line":149,"column":13},"end":{"line":149,"column":33}},"85":{"start":{"line":164,"column":28},"end":{"line":183,"column":null}},"86":{"start":{"line":164,"column":61},"end":{"line":183,"column":null}},"87":{"start":{"line":166,"column":10},"end":{"line":166,"column":null}},"88":{"start":{"line":167,"column":21},"end":{"line":177,"column":null}},"89":{"start":{"line":167,"column":10},"end":{"line":177,"column":null}},"90":{"start":{"line":178,"column":4},"end":{"line":178,"column":null}},"91":{"start":{"line":180,"column":4},"end":{"line":180,"column":null}},"92":{"start":{"line":181,"column":4},"end":{"line":181,"column":null}},"93":{"start":{"line":164,"column":13},"end":{"line":164,"column":28}},"94":{"start":{"line":185,"column":29},"end":{"line":204,"column":null}},"95":{"start":{"line":185,"column":62},"end":{"line":204,"column":null}},"96":{"start":{"line":187,"column":10},"end":{"line":187,"column":null}},"97":{"start":{"line":188,"column":21},"end":{"line":198,"column":null}},"98":{"start":{"line":188,"column":10},"end":{"line":198,"column":null}},"99":{"start":{"line":199,"column":4},"end":{"line":199,"column":null}},"100":{"start":{"line":201,"column":4},"end":{"line":201,"column":null}},"101":{"start":{"line":202,"column":4},"end":{"line":202,"column":null}},"102":{"start":{"line":185,"column":13},"end":{"line":185,"column":29}},"103":{"start":{"line":206,"column":30},"end":{"line":219,"column":null}},"104":{"start":{"line":206,"column":46},"end":{"line":219,"column":null}},"105":{"start":{"line":208,"column":21},"end":{"line":212,"column":null}},"106":{"start":{"line":208,"column":10},"end":{"line":212,"column":null}},"107":{"start":{"line":214,"column":4},"end":{"line":214,"column":null}},"108":{"start":{"line":216,"column":4},"end":{"line":216,"column":null}},"109":{"start":{"line":217,"column":4},"end":{"line":217,"column":null}},"110":{"start":{"line":206,"column":13},"end":{"line":206,"column":30}},"111":{"start":{"line":221,"column":32},"end":{"line":235,"column":null}},"112":{"start":{"line":221,"column":64},"end":{"line":235,"column":null}},"113":{"start":{"line":223,"column":21},"end":{"line":227,"column":null}},"114":{"start":{"line":223,"column":10},"end":{"line":227,"column":null}},"115":{"start":{"line":230,"column":4},"end":{"line":230,"column":null}},"116":{"start":{"line":232,"column":4},"end":{"line":232,"column":null}},"117":{"start":{"line":233,"column":4},"end":{"line":233,"column":null}},"118":{"start":{"line":221,"column":13},"end":{"line":221,"column":32}},"119":{"start":{"line":237,"column":30},"end":{"line":250,"column":null}},"120":{"start":{"line":237,"column":62},"end":{"line":250,"column":null}},"121":{"start":{"line":239,"column":21},"end":{"line":243,"column":null}},"122":{"start":{"line":239,"column":10},"end":{"line":243,"column":null}},"123":{"start":{"line":245,"column":4},"end":{"line":245,"column":null}},"124":{"start":{"line":247,"column":4},"end":{"line":247,"column":null}},"125":{"start":{"line":248,"column":4},"end":{"line":248,"column":null}},"126":{"start":{"line":237,"column":13},"end":{"line":237,"column":30}},"127":{"start":{"line":252,"column":31},"end":{"line":264,"column":null}},"128":{"start":{"line":254,"column":21},"end":{"line":257,"column":null}},"129":{"start":{"line":254,"column":10},"end":{"line":257,"column":null}},"130":{"start":{"line":259,"column":4},"end":{"line":259,"column":null}},"131":{"start":{"line":261,"column":4},"end":{"line":261,"column":null}},"132":{"start":{"line":262,"column":4},"end":{"line":262,"column":null}},"133":{"start":{"line":252,"column":13},"end":{"line":252,"column":31}},"134":{"start":{"line":266,"column":30},"end":{"line":279,"column":null}},"135":{"start":{"line":266,"column":46},"end":{"line":279,"column":null}},"136":{"start":{"line":268,"column":21},"end":{"line":272,"column":null}},"137":{"start":{"line":268,"column":10},"end":{"line":272,"column":null}},"138":{"start":{"line":274,"column":4},"end":{"line":274,"column":null}},"139":{"start":{"line":276,"column":4},"end":{"line":276,"column":null}},"140":{"start":{"line":277,"column":4},"end":{"line":277,"column":null}},"141":{"start":{"line":266,"column":13},"end":{"line":266,"column":30}},"142":{"start":{"line":281,"column":29},"end":{"line":293,"column":null}},"143":{"start":{"line":283,"column":21},"end":{"line":286,"column":null}},"144":{"start":{"line":283,"column":10},"end":{"line":286,"column":null}},"145":{"start":{"line":288,"column":4},"end":{"line":288,"column":null}},"146":{"start":{"line":290,"column":4},"end":{"line":290,"column":null}},"147":{"start":{"line":291,"column":4},"end":{"line":291,"column":null}},"148":{"start":{"line":281,"column":13},"end":{"line":281,"column":29}},"149":{"start":{"line":295,"column":30},"end":{"line":308,"column":null}},"150":{"start":{"line":295,"column":46},"end":{"line":308,"column":null}},"151":{"start":{"line":297,"column":21},"end":{"line":301,"column":null}},"152":{"start":{"line":297,"column":10},"end":{"line":301,"column":null}},"153":{"start":{"line":303,"column":4},"end":{"line":303,"column":null}},"154":{"start":{"line":305,"column":4},"end":{"line":305,"column":null}},"155":{"start":{"line":306,"column":4},"end":{"line":306,"column":null}},"156":{"start":{"line":295,"column":13},"end":{"line":295,"column":30}},"157":{"start":{"line":310,"column":30},"end":{"line":323,"column":null}},"158":{"start":{"line":310,"column":66},"end":{"line":323,"column":null}},"159":{"start":{"line":312,"column":21},"end":{"line":316,"column":null}},"160":{"start":{"line":312,"column":10},"end":{"line":316,"column":null}},"161":{"start":{"line":318,"column":4},"end":{"line":318,"column":null}},"162":{"start":{"line":320,"column":4},"end":{"line":320,"column":null}},"163":{"start":{"line":321,"column":4},"end":{"line":321,"column":null}},"164":{"start":{"line":310,"column":13},"end":{"line":310,"column":30}},"165":{"start":{"line":325,"column":32},"end":{"line":338,"column":null}},"166":{"start":{"line":325,"column":68},"end":{"line":338,"column":null}},"167":{"start":{"line":327,"column":21},"end":{"line":331,"column":null}},"168":{"start":{"line":327,"column":10},"end":{"line":331,"column":null}},"169":{"start":{"line":333,"column":4},"end":{"line":333,"column":null}},"170":{"start":{"line":335,"column":4},"end":{"line":335,"column":null}},"171":{"start":{"line":336,"column":4},"end":{"line":336,"column":null}},"172":{"start":{"line":325,"column":13},"end":{"line":325,"column":32}},"173":{"start":{"line":340,"column":30},"end":{"line":352,"column":null}},"174":{"start":{"line":342,"column":23},"end":{"line":345,"column":null}},"175":{"start":{"line":342,"column":12},"end":{"line":345,"column":null}},"176":{"start":{"line":347,"column":6},"end":{"line":347,"column":null}},"177":{"start":{"line":349,"column":4},"end":{"line":349,"column":null}},"178":{"start":{"line":350,"column":4},"end":{"line":350,"column":null}},"179":{"start":{"line":340,"column":13},"end":{"line":340,"column":30}},"180":{"start":{"line":354,"column":33},"end":{"line":367,"column":null}},"181":{"start":{"line":354,"column":49},"end":{"line":367,"column":null}},"182":{"start":{"line":356,"column":21},"end":{"line":360,"column":null}},"183":{"start":{"line":356,"column":10},"end":{"line":360,"column":null}},"184":{"start":{"line":362,"column":4},"end":{"line":362,"column":null}},"185":{"start":{"line":364,"column":4},"end":{"line":364,"column":null}},"186":{"start":{"line":365,"column":4},"end":{"line":365,"column":null}},"187":{"start":{"line":354,"column":13},"end":{"line":354,"column":33}},"188":{"start":{"line":369,"column":33},"end":{"line":382,"column":null}},"189":{"start":{"line":369,"column":68},"end":{"line":382,"column":null}},"190":{"start":{"line":371,"column":21},"end":{"line":375,"column":null}},"191":{"start":{"line":371,"column":10},"end":{"line":375,"column":null}},"192":{"start":{"line":377,"column":4},"end":{"line":377,"column":null}},"193":{"start":{"line":379,"column":4},"end":{"line":379,"column":null}},"194":{"start":{"line":380,"column":4},"end":{"line":380,"column":null}},"195":{"start":{"line":369,"column":13},"end":{"line":369,"column":33}},"196":{"start":{"line":384,"column":33},"end":{"line":397,"column":null}},"197":{"start":{"line":384,"column":68},"end":{"line":397,"column":null}},"198":{"start":{"line":386,"column":21},"end":{"line":390,"column":null}},"199":{"start":{"line":386,"column":10},"end":{"line":390,"column":null}},"200":{"start":{"line":392,"column":4},"end":{"line":392,"column":null}},"201":{"start":{"line":394,"column":4},"end":{"line":394,"column":null}},"202":{"start":{"line":395,"column":4},"end":{"line":395,"column":null}},"203":{"start":{"line":384,"column":13},"end":{"line":384,"column":33}},"204":{"start":{"line":399,"column":36},"end":{"line":412,"column":null}},"205":{"start":{"line":399,"column":52},"end":{"line":412,"column":null}},"206":{"start":{"line":401,"column":21},"end":{"line":405,"column":null}},"207":{"start":{"line":401,"column":10},"end":{"line":405,"column":null}},"208":{"start":{"line":407,"column":4},"end":{"line":407,"column":null}},"209":{"start":{"line":409,"column":4},"end":{"line":409,"column":null}},"210":{"start":{"line":410,"column":4},"end":{"line":410,"column":null}},"211":{"start":{"line":399,"column":13},"end":{"line":399,"column":36}},"212":{"start":{"line":414,"column":34},"end":{"line":427,"column":null}},"213":{"start":{"line":414,"column":70},"end":{"line":427,"column":null}},"214":{"start":{"line":416,"column":21},"end":{"line":420,"column":null}},"215":{"start":{"line":416,"column":10},"end":{"line":420,"column":null}},"216":{"start":{"line":422,"column":4},"end":{"line":422,"column":null}},"217":{"start":{"line":424,"column":4},"end":{"line":424,"column":null}},"218":{"start":{"line":425,"column":4},"end":{"line":425,"column":null}},"219":{"start":{"line":414,"column":13},"end":{"line":414,"column":34}},"220":{"start":{"line":429,"column":36},"end":{"line":442,"column":null}},"221":{"start":{"line":429,"column":72},"end":{"line":442,"column":null}},"222":{"start":{"line":431,"column":21},"end":{"line":435,"column":null}},"223":{"start":{"line":431,"column":10},"end":{"line":435,"column":null}},"224":{"start":{"line":437,"column":4},"end":{"line":437,"column":null}},"225":{"start":{"line":439,"column":4},"end":{"line":439,"column":null}},"226":{"start":{"line":440,"column":4},"end":{"line":440,"column":null}},"227":{"start":{"line":429,"column":13},"end":{"line":429,"column":36}},"228":{"start":{"line":444,"column":32},"end":{"line":456,"column":null}},"229":{"start":{"line":444,"column":56},"end":{"line":456,"column":null}},"230":{"start":{"line":446,"column":23},"end":{"line":449,"column":null}},"231":{"start":{"line":446,"column":12},"end":{"line":449,"column":null}},"232":{"start":{"line":451,"column":6},"end":{"line":451,"column":null}},"233":{"start":{"line":453,"column":4},"end":{"line":453,"column":null}},"234":{"start":{"line":454,"column":4},"end":{"line":454,"column":null}},"235":{"start":{"line":444,"column":13},"end":{"line":444,"column":32}}},"fnMap":{"0":{"name":"(anonymous_16)","decl":{"start":{"line":9,"column":27},"end":{"line":9,"column":34}},"loc":{"start":{"line":9,"column":43},"end":{"line":22,"column":null}}},"1":{"name":"(anonymous_17)","decl":{"start":{"line":9,"column":43},"end":{"line":9,"column":null}},"loc":{"start":{"line":9,"column":43},"end":{"line":22,"column":null}}},"2":{"name":"(anonymous_19)","decl":{"start":{"line":24,"column":25},"end":{"line":24,"column":32}},"loc":{"start":{"line":24,"column":41},"end":{"line":37,"column":null}}},"3":{"name":"(anonymous_20)","decl":{"start":{"line":24,"column":41},"end":{"line":24,"column":null}},"loc":{"start":{"line":24,"column":41},"end":{"line":37,"column":null}}},"4":{"name":"(anonymous_22)","decl":{"start":{"line":39,"column":27},"end":{"line":39,"column":34}},"loc":{"start":{"line":39,"column":64},"end":{"line":52,"column":null}}},"5":{"name":"(anonymous_23)","decl":{"start":{"line":39,"column":64},"end":{"line":39,"column":null}},"loc":{"start":{"line":39,"column":64},"end":{"line":52,"column":null}}},"6":{"name":"(anonymous_25)","decl":{"start":{"line":54,"column":27},"end":{"line":54,"column":34}},"loc":{"start":{"line":54,"column":64},"end":{"line":67,"column":null}}},"7":{"name":"(anonymous_26)","decl":{"start":{"line":54,"column":64},"end":{"line":54,"column":null}},"loc":{"start":{"line":54,"column":64},"end":{"line":67,"column":null}}},"8":{"name":"(anonymous_28)","decl":{"start":{"line":69,"column":30},"end":{"line":69,"column":37}},"loc":{"start":{"line":69,"column":67},"end":{"line":82,"column":null}}},"9":{"name":"(anonymous_29)","decl":{"start":{"line":69,"column":67},"end":{"line":69,"column":null}},"loc":{"start":{"line":69,"column":67},"end":{"line":82,"column":null}}},"10":{"name":"(anonymous_31)","decl":{"start":{"line":84,"column":30},"end":{"line":84,"column":37}},"loc":{"start":{"line":84,"column":67},"end":{"line":97,"column":null}}},"11":{"name":"(anonymous_32)","decl":{"start":{"line":84,"column":67},"end":{"line":84,"column":null}},"loc":{"start":{"line":84,"column":67},"end":{"line":97,"column":null}}},"12":{"name":"(anonymous_34)","decl":{"start":{"line":99,"column":30},"end":{"line":99,"column":37}},"loc":{"start":{"line":99,"column":67},"end":{"line":112,"column":null}}},"13":{"name":"(anonymous_35)","decl":{"start":{"line":99,"column":67},"end":{"line":99,"column":null}},"loc":{"start":{"line":99,"column":67},"end":{"line":112,"column":null}}},"14":{"name":"(anonymous_37)","decl":{"start":{"line":114,"column":35},"end":{"line":114,"column":42}},"loc":{"start":{"line":114,"column":68},"end":{"line":133,"column":null}}},"15":{"name":"(anonymous_38)","decl":{"start":{"line":114,"column":68},"end":{"line":114,"column":null}},"loc":{"start":{"line":114,"column":68},"end":{"line":133,"column":null}}},"16":{"name":"(anonymous_40)","decl":{"start":{"line":135,"column":35},"end":{"line":135,"column":42}},"loc":{"start":{"line":135,"column":51},"end":{"line":147,"column":null}}},"17":{"name":"(anonymous_41)","decl":{"start":{"line":135,"column":51},"end":{"line":135,"column":null}},"loc":{"start":{"line":135,"column":51},"end":{"line":147,"column":null}}},"18":{"name":"(anonymous_43)","decl":{"start":{"line":149,"column":33},"end":{"line":149,"column":40}},"loc":{"start":{"line":149,"column":70},"end":{"line":162,"column":null}}},"19":{"name":"(anonymous_44)","decl":{"start":{"line":149,"column":70},"end":{"line":149,"column":null}},"loc":{"start":{"line":149,"column":70},"end":{"line":162,"column":null}}},"20":{"name":"(anonymous_46)","decl":{"start":{"line":164,"column":28},"end":{"line":164,"column":35}},"loc":{"start":{"line":164,"column":61},"end":{"line":183,"column":null}}},"21":{"name":"(anonymous_47)","decl":{"start":{"line":164,"column":61},"end":{"line":164,"column":null}},"loc":{"start":{"line":164,"column":61},"end":{"line":183,"column":null}}},"22":{"name":"(anonymous_49)","decl":{"start":{"line":185,"column":29},"end":{"line":185,"column":36}},"loc":{"start":{"line":185,"column":62},"end":{"line":204,"column":null}}},"23":{"name":"(anonymous_50)","decl":{"start":{"line":185,"column":62},"end":{"line":185,"column":null}},"loc":{"start":{"line":185,"column":62},"end":{"line":204,"column":null}}},"24":{"name":"(anonymous_52)","decl":{"start":{"line":206,"column":30},"end":{"line":206,"column":37}},"loc":{"start":{"line":206,"column":46},"end":{"line":219,"column":null}}},"25":{"name":"(anonymous_53)","decl":{"start":{"line":206,"column":46},"end":{"line":206,"column":null}},"loc":{"start":{"line":206,"column":46},"end":{"line":219,"column":null}}},"26":{"name":"(anonymous_55)","decl":{"start":{"line":221,"column":32},"end":{"line":221,"column":39}},"loc":{"start":{"line":221,"column":64},"end":{"line":235,"column":null}}},"27":{"name":"(anonymous_56)","decl":{"start":{"line":221,"column":64},"end":{"line":221,"column":null}},"loc":{"start":{"line":221,"column":64},"end":{"line":235,"column":null}}},"28":{"name":"(anonymous_58)","decl":{"start":{"line":237,"column":30},"end":{"line":237,"column":37}},"loc":{"start":{"line":237,"column":62},"end":{"line":250,"column":null}}},"29":{"name":"(anonymous_59)","decl":{"start":{"line":237,"column":62},"end":{"line":237,"column":null}},"loc":{"start":{"line":237,"column":62},"end":{"line":250,"column":null}}},"30":{"name":"(anonymous_61)","decl":{"start":{"line":252,"column":31},"end":{"line":252,"column":null}},"loc":{"start":{"line":252,"column":31},"end":{"line":264,"column":null}}},"31":{"name":"(anonymous_64)","decl":{"start":{"line":266,"column":30},"end":{"line":266,"column":37}},"loc":{"start":{"line":266,"column":46},"end":{"line":279,"column":null}}},"32":{"name":"(anonymous_65)","decl":{"start":{"line":266,"column":46},"end":{"line":266,"column":null}},"loc":{"start":{"line":266,"column":46},"end":{"line":279,"column":null}}},"33":{"name":"(anonymous_67)","decl":{"start":{"line":281,"column":29},"end":{"line":281,"column":null}},"loc":{"start":{"line":281,"column":29},"end":{"line":293,"column":null}}},"34":{"name":"(anonymous_70)","decl":{"start":{"line":295,"column":30},"end":{"line":295,"column":37}},"loc":{"start":{"line":295,"column":46},"end":{"line":308,"column":null}}},"35":{"name":"(anonymous_71)","decl":{"start":{"line":295,"column":46},"end":{"line":295,"column":null}},"loc":{"start":{"line":295,"column":46},"end":{"line":308,"column":null}}},"36":{"name":"(anonymous_73)","decl":{"start":{"line":310,"column":30},"end":{"line":310,"column":37}},"loc":{"start":{"line":310,"column":66},"end":{"line":323,"column":null}}},"37":{"name":"(anonymous_74)","decl":{"start":{"line":310,"column":66},"end":{"line":310,"column":null}},"loc":{"start":{"line":310,"column":66},"end":{"line":323,"column":null}}},"38":{"name":"(anonymous_76)","decl":{"start":{"line":325,"column":32},"end":{"line":325,"column":39}},"loc":{"start":{"line":325,"column":68},"end":{"line":338,"column":null}}},"39":{"name":"(anonymous_77)","decl":{"start":{"line":325,"column":68},"end":{"line":325,"column":null}},"loc":{"start":{"line":325,"column":68},"end":{"line":338,"column":null}}},"40":{"name":"(anonymous_79)","decl":{"start":{"line":340,"column":30},"end":{"line":340,"column":null}},"loc":{"start":{"line":340,"column":30},"end":{"line":352,"column":null}}},"41":{"name":"(anonymous_82)","decl":{"start":{"line":354,"column":33},"end":{"line":354,"column":40}},"loc":{"start":{"line":354,"column":49},"end":{"line":367,"column":null}}},"42":{"name":"(anonymous_83)","decl":{"start":{"line":354,"column":49},"end":{"line":354,"column":null}},"loc":{"start":{"line":354,"column":49},"end":{"line":367,"column":null}}},"43":{"name":"(anonymous_85)","decl":{"start":{"line":369,"column":33},"end":{"line":369,"column":40}},"loc":{"start":{"line":369,"column":68},"end":{"line":382,"column":null}}},"44":{"name":"(anonymous_86)","decl":{"start":{"line":369,"column":68},"end":{"line":369,"column":null}},"loc":{"start":{"line":369,"column":68},"end":{"line":382,"column":null}}},"45":{"name":"(anonymous_88)","decl":{"start":{"line":384,"column":33},"end":{"line":384,"column":40}},"loc":{"start":{"line":384,"column":68},"end":{"line":397,"column":null}}},"46":{"name":"(anonymous_89)","decl":{"start":{"line":384,"column":68},"end":{"line":384,"column":null}},"loc":{"start":{"line":384,"column":68},"end":{"line":397,"column":null}}},"47":{"name":"(anonymous_91)","decl":{"start":{"line":399,"column":36},"end":{"line":399,"column":43}},"loc":{"start":{"line":399,"column":52},"end":{"line":412,"column":null}}},"48":{"name":"(anonymous_92)","decl":{"start":{"line":399,"column":52},"end":{"line":399,"column":null}},"loc":{"start":{"line":399,"column":52},"end":{"line":412,"column":null}}},"49":{"name":"(anonymous_94)","decl":{"start":{"line":414,"column":34},"end":{"line":414,"column":41}},"loc":{"start":{"line":414,"column":70},"end":{"line":427,"column":null}}},"50":{"name":"(anonymous_95)","decl":{"start":{"line":414,"column":70},"end":{"line":414,"column":null}},"loc":{"start":{"line":414,"column":70},"end":{"line":427,"column":null}}},"51":{"name":"(anonymous_97)","decl":{"start":{"line":429,"column":36},"end":{"line":429,"column":43}},"loc":{"start":{"line":429,"column":72},"end":{"line":442,"column":null}}},"52":{"name":"(anonymous_98)","decl":{"start":{"line":429,"column":72},"end":{"line":429,"column":null}},"loc":{"start":{"line":429,"column":72},"end":{"line":442,"column":null}}},"53":{"name":"(anonymous_100)","decl":{"start":{"line":444,"column":32},"end":{"line":444,"column":39}},"loc":{"start":{"line":444,"column":56},"end":{"line":456,"column":null}}},"54":{"name":"(anonymous_101)","decl":{"start":{"line":444,"column":56},"end":{"line":444,"column":null}},"loc":{"start":{"line":444,"column":56},"end":{"line":456,"column":null}}}},"branchMap":{},"s":{"0":1,"1":1,"2":1,"3":1,"4":0,"5":0,"6":0,"7":0,"8":0,"9":0,"10":1,"11":1,"12":0,"13":0,"14":0,"15":0,"16":0,"17":0,"18":1,"19":1,"20":0,"21":0,"22":0,"23":0,"24":0,"25":0,"26":1,"27":1,"28":0,"29":0,"30":0,"31":0,"32":0,"33":0,"34":1,"35":1,"36":0,"37":0,"38":0,"39":0,"40":0,"41":0,"42":1,"43":1,"44":0,"45":0,"46":0,"47":0,"48":0,"49":0,"50":1,"51":1,"52":0,"53":0,"54":0,"55":0,"56":0,"57":0,"58":1,"59":1,"60":0,"61":0,"62":0,"63":0,"64":0,"65":0,"66":0,"67":1,"68":1,"69":0,"70":0,"71":0,"72":0,"73":0,"74":0,"75":1,"76":1,"77":0,"78":0,"79":0,"80":0,"81":0,"82":0,"83":0,"84":1,"85":1,"86":0,"87":0,"88":0,"89":0,"90":0,"91":0,"92":0,"93":1,"94":1,"95":0,"96":0,"97":0,"98":0,"99":0,"100":0,"101":0,"102":1,"103":1,"104":0,"105":0,"106":0,"107":0,"108":0,"109":0,"110":1,"111":1,"112":0,"113":0,"114":0,"115":0,"116":0,"117":0,"118":1,"119":1,"120":0,"121":0,"122":0,"123":0,"124":0,"125":0,"126":1,"127":1,"128":0,"129":0,"130":0,"131":0,"132":0,"133":1,"134":1,"135":0,"136":0,"137":0,"138":0,"139":0,"140":0,"141":1,"142":1,"143":0,"144":0,"145":0,"146":0,"147":0,"148":1,"149":1,"150":0,"151":0,"152":0,"153":0,"154":0,"155":0,"156":1,"157":1,"158":0,"159":0,"160":0,"161":0,"162":0,"163":0,"164":1,"165":1,"166":0,"167":0,"168":0,"169":0,"170":0,"171":0,"172":1,"173":1,"174":0,"175":0,"176":0,"177":0,"178":0,"179":1,"180":1,"181":0,"182":0,"183":0,"184":0,"185":0,"186":0,"187":1,"188":1,"189":0,"190":0,"191":0,"192":0,"193":0,"194":0,"195":1,"196":1,"197":0,"198":0,"199":0,"200":0,"201":0,"202":0,"203":1,"204":1,"205":0,"206":0,"207":0,"208":0,"209":0,"210":0,"211":1,"212":1,"213":0,"214":0,"215":0,"216":0,"217":0,"218":0,"219":1,"220":1,"221":0,"222":0,"223":0,"224":0,"225":0,"226":0,"227":1,"228":1,"229":0,"230":0,"231":0,"232":0,"233":0,"234":0,"235":1},"f":{"0":0,"1":0,"2":0,"3":0,"4":0,"5":0,"6":0,"7":0,"8":0,"9":0,"10":0,"11":0,"12":0,"13":0,"14":0,"15":0,"16":0,"17":0,"18":0,"19":0,"20":0,"21":0,"22":0,"23":0,"24":0,"25":0,"26":0,"27":0,"28":0,"29":0,"30":0,"31":0,"32":0,"33":0,"34":0,"35":0,"36":0,"37":0,"38":0,"39":0,"40":0,"41":0,"42":0,"43":0,"44":0,"45":0,"46":0,"47":0,"48":0,"49":0,"50":0,"51":0,"52":0,"53":0,"54":0},"b":{}}
,"/Users/windaharyani/Documents/fhkvpn/react/src/APICalls/Collector/packagingUnit.ts": {"path":"/Users/windaharyani/Documents/fhkvpn/react/src/APICalls/Collector/packagingUnit.ts","statementMap":{"0":{"start":{"line":2,"column":0},"end":{"line":2,"column":94}},"1":{"start":{"line":3,"column":0},"end":{"line":3,"column":51}},"2":{"start":{"line":4,"column":0},"end":{"line":4,"column":57}},"3":{"start":{"line":7,"column":35},"end":{"line":26,"column":null}},"4":{"start":{"line":7,"column":68},"end":{"line":26,"column":null}},"5":{"start":{"line":9,"column":12},"end":{"line":9,"column":null}},"6":{"start":{"line":10,"column":23},"end":{"line":20,"column":null}},"7":{"start":{"line":10,"column":12},"end":{"line":20,"column":null}},"8":{"start":{"line":21,"column":6},"end":{"line":21,"column":null}},"9":{"start":{"line":23,"column":6},"end":{"line":23,"column":null}},"10":{"start":{"line":24,"column":6},"end":{"line":24,"column":null}},"11":{"start":{"line":7,"column":13},"end":{"line":7,"column":35}},"12":{"start":{"line":28,"column":31},"end":{"line":44,"column":null}},"13":{"start":{"line":28,"column":63},"end":{"line":44,"column":null}},"14":{"start":{"line":30,"column":10},"end":{"line":30,"column":null}},"15":{"start":{"line":31,"column":21},"end":{"line":38,"column":null}},"16":{"start":{"line":31,"column":10},"end":{"line":38,"column":null}},"17":{"start":{"line":39,"column":4},"end":{"line":39,"column":null}},"18":{"start":{"line":41,"column":4},"end":{"line":41,"column":null}},"19":{"start":{"line":42,"column":4},"end":{"line":42,"column":null}},"20":{"start":{"line":28,"column":13},"end":{"line":28,"column":31}},"21":{"start":{"line":46,"column":29},"end":{"line":62,"column":null}},"22":{"start":{"line":46,"column":86},"end":{"line":62,"column":null}},"23":{"start":{"line":48,"column":10},"end":{"line":48,"column":null}},"24":{"start":{"line":49,"column":21},"end":{"line":56,"column":null}},"25":{"start":{"line":49,"column":10},"end":{"line":56,"column":null}},"26":{"start":{"line":57,"column":4},"end":{"line":57,"column":null}},"27":{"start":{"line":59,"column":4},"end":{"line":59,"column":null}},"28":{"start":{"line":60,"column":4},"end":{"line":60,"column":null}},"29":{"start":{"line":46,"column":13},"end":{"line":46,"column":29}}},"fnMap":{"0":{"name":"(anonymous_16)","decl":{"start":{"line":7,"column":35},"end":{"line":7,"column":42}},"loc":{"start":{"line":7,"column":68},"end":{"line":26,"column":null}}},"1":{"name":"(anonymous_17)","decl":{"start":{"line":7,"column":68},"end":{"line":7,"column":null}},"loc":{"start":{"line":7,"column":68},"end":{"line":26,"column":null}}},"2":{"name":"(anonymous_19)","decl":{"start":{"line":28,"column":31},"end":{"line":28,"column":38}},"loc":{"start":{"line":28,"column":63},"end":{"line":44,"column":null}}},"3":{"name":"(anonymous_20)","decl":{"start":{"line":28,"column":63},"end":{"line":28,"column":null}},"loc":{"start":{"line":28,"column":63},"end":{"line":44,"column":null}}},"4":{"name":"(anonymous_22)","decl":{"start":{"line":46,"column":29},"end":{"line":46,"column":36}},"loc":{"start":{"line":46,"column":86},"end":{"line":62,"column":null}}},"5":{"name":"(anonymous_23)","decl":{"start":{"line":46,"column":86},"end":{"line":46,"column":null}},"loc":{"start":{"line":46,"column":86},"end":{"line":62,"column":null}}}},"branchMap":{},"s":{"0":1,"1":1,"2":1,"3":1,"4":0,"5":0,"6":0,"7":0,"8":0,"9":0,"10":0,"11":1,"12":1,"13":0,"14":0,"15":0,"16":0,"17":0,"18":0,"19":0,"20":1,"21":1,"22":0,"23":0,"24":0,"25":0,"26":0,"27":0,"28":0,"29":1},"f":{"0":0,"1":0,"2":0,"3":0,"4":0,"5":0},"b":{}}
,"/Users/windaharyani/Documents/fhkvpn/react/src/components/CustomCopyrightSection.tsx": {"path":"/Users/windaharyani/Documents/fhkvpn/react/src/components/CustomCopyrightSection.tsx","statementMap":{"0":{"start":{"line":1,"column":0},"end":{"line":1,"column":43}},"1":{"start":{"line":3,"column":31},"end":{"line":9,"column":1}},"2":{"start":{"line":4,"column":2},"end":{"line":8,"column":null}},"3":{"start":{"line":11,"column":0},"end":{"line":11,"column":38}}},"fnMap":{"0":{"name":"(anonymous_2)","decl":{"start":{"line":3,"column":31},"end":{"line":3,"column":null}},"loc":{"start":{"line":3,"column":31},"end":{"line":9,"column":1}}}},"branchMap":{},"s":{"0":1,"1":1,"2":7,"3":1},"f":{"0":7},"b":{}}
,"/Users/windaharyani/Documents/fhkvpn/react/src/constants/axiosInstance.ts": {"path":"/Users/windaharyani/Documents/fhkvpn/react/src/constants/axiosInstance.ts","statementMap":{"0":{"start":{"line":1,"column":0},"end":{"line":1,"column":25}},"1":{"start":{"line":2,"column":0},"end":{"line":2,"column":71}},"2":{"start":{"line":3,"column":0},"end":{"line":3,"column":60}},"3":{"start":{"line":5,"column":0},"end":{"line":5,"column":47}},"4":{"start":{"line":6,"column":18},"end":{"line":6,"column":51}},"5":{"start":{"line":7,"column":20},"end":{"line":7,"column":null}},"6":{"start":{"line":9,"column":18},"end":{"line":9,"column":23}},"7":{"start":{"line":10,"column":25},"end":{"line":10,"column":30}},"8":{"start":{"line":12,"column":22},"end":{"line":12,"column":36}},"9":{"start":{"line":13,"column":34},"end":{"line":15,"column":2}},"10":{"start":{"line":17,"column":29},"end":{"line":23,"column":1}},"11":{"start":{"line":18,"column":2},"end":{"line":22,"column":null}},"12":{"start":{"line":19,"column":4},"end":{"line":19,"column":null}},"13":{"start":{"line":21,"column":4},"end":{"line":21,"column":null}},"14":{"start":{"line":17,"column":13},"end":{"line":17,"column":29}},"15":{"start":{"line":25,"column":23},"end":{"line":34,"column":1}},"16":{"start":{"line":28,"column":2},"end":{"line":28,"column":null}},"17":{"start":{"line":28,"column":24},"end":{"line":28,"column":null}},"18":{"start":{"line":29,"column":23},"end":{"line":29,"column":50}},"19":{"start":{"line":30,"column":22},"end":{"line":30,"column":49}},"20":{"start":{"line":33,"column":2},"end":{"line":33,"column":null}},"21":{"start":{"line":36,"column":30},"end":{"line":42,"column":1}},"22":{"start":{"line":37,"column":2},"end":{"line":37,"column":null}},"23":{"start":{"line":37,"column":27},"end":{"line":37,"column":null}},"24":{"start":{"line":39,"column":23},"end":{"line":39,"column":53}},"25":{"start":{"line":40,"column":22},"end":{"line":40,"column":49}},"26":{"start":{"line":41,"column":2},"end":{"line":41,"column":null}},"27":{"start":{"line":44,"column":0},"end":{"line":94,"column":null}},"28":{"start":{"line":45,"column":15},"end":{"line":90,"column":null}},"29":{"start":{"line":46,"column":10},"end":{"line":47,"column":null}},"30":{"start":{"line":48,"column":4},"end":{"line":48,"column":null}},"31":{"start":{"line":52,"column":6},"end":{"line":52,"column":12}},"32":{"start":{"line":57,"column":8},"end":{"line":57,"column":null}},"33":{"start":{"line":60,"column":14},"end":{"line":61,"column":null}},"34":{"start":{"line":62,"column":12},"end":{"line":62,"column":13}},"35":{"start":{"line":63,"column":10},"end":{"line":63,"column":null}},"36":{"start":{"line":65,"column":33},"end":{"line":65,"column":61}},"37":{"start":{"line":65,"column":16},"end":{"line":65,"column":61}},"38":{"start":{"line":66,"column":10},"end":{"line":66,"column":52}},"39":{"start":{"line":67,"column":10},"end":{"line":67,"column":null}},"40":{"start":{"line":68,"column":15},"end":{"line":84,"column":null}},"41":{"start":{"line":71,"column":10},"end":{"line":72,"column":null}},"42":{"start":{"line":73,"column":10},"end":{"line":81,"column":null}},"43":{"start":{"line":74,"column":18},"end":{"line":79,"column":null}},"44":{"start":{"line":80,"column":12},"end":{"line":80,"column":null}},"45":{"start":{"line":82,"column":10},"end":{"line":82,"column":null}},"46":{"start":{"line":83,"column":10},"end":{"line":83,"column":null}},"47":{"start":{"line":86,"column":8},"end":{"line":86,"column":null}},"48":{"start":{"line":89,"column":4},"end":{"line":89,"column":null}},"49":{"start":{"line":91,"column":14},"end":{"line":93,"column":null}},"50":{"start":{"line":92,"column":4},"end":{"line":92,"column":null}},"51":{"start":{"line":96,"column":22},"end":{"line":130,"column":null}},"52":{"start":{"line":98,"column":4},"end":{"line":98,"column":null}},"53":{"start":{"line":99,"column":10},"end":{"line":100,"column":null}},"54":{"start":{"line":101,"column":16},"end":{"line":104,"column":null}},"55":{"start":{"line":101,"column":10},"end":{"line":104,"column":null}},"56":{"start":{"line":105,"column":10},"end":{"line":105,"column":null}},"57":{"start":{"line":107,"column":4},"end":{"line":107,"column":null}},"58":{"start":{"line":108,"column":4},"end":{"line":108,"column":null}},"59":{"start":{"line":109,"column":4},"end":{"line":109,"column":null}},"60":{"start":{"line":111,"column":4},"end":{"line":111,"column":null}},"61":{"start":{"line":112,"column":4},"end":{"line":112,"column":null}},"62":{"start":{"line":114,"column":4},"end":{"line":126,"column":null}},"63":{"start":{"line":115,"column":6},"end":{"line":123,"column":null}},"64":{"start":{"line":116,"column":14},"end":{"line":121,"column":null}},"65":{"start":{"line":122,"column":8},"end":{"line":122,"column":null}},"66":{"start":{"line":124,"column":6},"end":{"line":124,"column":null}},"67":{"start":{"line":125,"column":6},"end":{"line":125,"column":null}},"68":{"start":{"line":127,"column":4},"end":{"line":127,"column":null}},"69":{"start":{"line":134,"column":28},"end":{"line":137,"column":null}},"70":{"start":{"line":135,"column":2},"end":{"line":135,"column":null}},"71":{"start":{"line":136,"column":2},"end":{"line":136,"column":null}},"72":{"start":{"line":139,"column":0},"end":{"line":198,"column":null}},"73":{"start":{"line":141,"column":4},"end":{"line":141,"column":null}},"74":{"start":{"line":143,"column":14},"end":{"line":197,"column":null}},"75":{"start":{"line":144,"column":10},"end":{"line":144,"column":null}},"76":{"start":{"line":174,"column":10},"end":{"line":174,"column":null}},"77":{"start":{"line":176,"column":6},"end":{"line":176,"column":11}},"78":{"start":{"line":179,"column":6},"end":{"line":179,"column":null}},"79":{"start":{"line":180,"column":12},"end":{"line":181,"column":null}},"80":{"start":{"line":182,"column":10},"end":{"line":182,"column":24}},"81":{"start":{"line":183,"column":8},"end":{"line":183,"column":null}},"82":{"start":{"line":184,"column":8},"end":{"line":184,"column":null}},"83":{"start":{"line":187,"column":12},"end":{"line":192,"column":null}},"84":{"start":{"line":188,"column":8},"end":{"line":190,"column":null}},"85":{"start":{"line":191,"column":8},"end":{"line":191,"column":null}},"86":{"start":{"line":194,"column":6},"end":{"line":194,"column":null}},"87":{"start":{"line":196,"column":4},"end":{"line":196,"column":null}},"88":{"start":{"line":200,"column":0},"end":{"line":200,"column":null}}},"fnMap":{"0":{"name":"(anonymous_14)","decl":{"start":{"line":17,"column":29},"end":{"line":17,"column":30}},"loc":{"start":{"line":17,"column":62},"end":{"line":23,"column":1}}},"1":{"name":"(anonymous_15)","decl":{"start":{"line":25,"column":23},"end":{"line":25,"column":24}},"loc":{"start":{"line":25,"column":41},"end":{"line":34,"column":1}}},"2":{"name":"(anonymous_16)","decl":{"start":{"line":36,"column":30},"end":{"line":36,"column":31}},"loc":{"start":{"line":36,"column":51},"end":{"line":42,"column":1}}},"3":{"name":"(anonymous_17)","decl":{"start":{"line":45,"column":2},"end":{"line":45,"column":9}},"loc":{"start":{"line":45,"column":15},"end":{"line":90,"column":null}}},"4":{"name":"(anonymous_18)","decl":{"start":{"line":45,"column":15},"end":{"line":45,"column":null}},"loc":{"start":{"line":45,"column":15},"end":{"line":90,"column":null}}},"5":{"name":"(anonymous_20)","decl":{"start":{"line":91,"column":2},"end":{"line":91,"column":9}},"loc":{"start":{"line":91,"column":14},"end":{"line":93,"column":null}}},"6":{"name":"(anonymous_21)","decl":{"start":{"line":91,"column":14},"end":{"line":91,"column":null}},"loc":{"start":{"line":91,"column":14},"end":{"line":93,"column":null}}},"7":{"name":"(anonymous_23)","decl":{"start":{"line":96,"column":22},"end":{"line":96,"column":null}},"loc":{"start":{"line":96,"column":22},"end":{"line":130,"column":null}}},"8":{"name":"(anonymous_26)","decl":{"start":{"line":134,"column":28},"end":{"line":134,"column":null}},"loc":{"start":{"line":134,"column":28},"end":{"line":137,"column":null}}},"9":{"name":"(anonymous_29)","decl":{"start":{"line":140,"column":2},"end":{"line":140,"column":3}},"loc":{"start":{"line":140,"column":11},"end":{"line":142,"column":3}}},"10":{"name":"(anonymous_30)","decl":{"start":{"line":143,"column":2},"end":{"line":143,"column":9}},"loc":{"start":{"line":143,"column":14},"end":{"line":197,"column":null}}},"11":{"name":"(anonymous_31)","decl":{"start":{"line":143,"column":14},"end":{"line":143,"column":null}},"loc":{"start":{"line":143,"column":14},"end":{"line":197,"column":null}}},"12":{"name":"(anonymous_33)","decl":{"start":{"line":187,"column":47},"end":{"line":187,"column":48}},"loc":{"start":{"line":187,"column":55},"end":{"line":192,"column":7}}}},"branchMap":{"0":{"loc":{"start":{"line":14,"column":11},"end":{"line":14,"column":34}},"type":"cond-expr","locations":[{"start":{"line":14,"column":25},"end":{"line":14,"column":27}},{"start":{"line":14,"column":25},"end":{"line":14,"column":34}}]},"1":{"loc":{"start":{"line":14,"column":11},"end":{"line":14,"column":27}},"type":"binary-expr","locations":[{"start":{"line":14,"column":11},"end":{"line":14,"column":27}},{"start":{"line":14,"column":25},"end":{"line":14,"column":27}}]},"2":{"loc":{"start":{"line":28,"column":2},"end":{"line":28,"column":null}},"type":"if","locations":[{"start":{"line":28,"column":2},"end":{"line":28,"column":null}}]},"3":{"loc":{"start":{"line":37,"column":2},"end":{"line":37,"column":null}},"type":"if","locations":[{"start":{"line":37,"column":2},"end":{"line":37,"column":null}}]},"4":{"loc":{"start":{"line":44,"column":0},"end":{"line":93,"column":null}},"type":"cond-expr","locations":[{"start":{"line":44,"column":13},"end":{"line":44,"column":15}},{"start":{"line":44,"column":0},"end":{"line":93,"column":null}}]},"5":{"loc":{"start":{"line":44,"column":0},"end":{"line":44,"column":15}},"type":"binary-expr","locations":[{"start":{"line":44,"column":0},"end":{"line":44,"column":15}},{"start":{"line":44,"column":0},"end":{"line":44,"column":15}}]},"6":{"loc":{"start":{"line":89,"column":4},"end":{"line":89,"column":null}},"type":"switch","locations":[{"start":{"line":89,"column":4},"end":{"line":89,"column":null}}]},"7":{"loc":{"start":{"line":47,"column":6},"end":{"line":47,"column":66}},"type":"binary-expr","locations":[{"start":{"line":47,"column":6},"end":{"line":47,"column":60}},{"start":{"line":47,"column":64},"end":{"line":47,"column":66}}]},"8":{"loc":{"start":{"line":52,"column":6},"end":{"line":52,"column":12}},"type":"if","locations":[{"start":{"line":52,"column":6},"end":{"line":52,"column":12}}]},"9":{"loc":{"start":{"line":52,"column":6},"end":{"line":54,"column":25}},"type":"binary-expr","locations":[{"start":{"line":52,"column":6},"end":{"line":52,"column":50}},{"start":{"line":53,"column":6},"end":{"line":53,"column":33}},{"start":{"line":54,"column":6},"end":{"line":54,"column":25}}]},"10":{"loc":{"start":{"line":57,"column":8},"end":{"line":57,"column":71}},"type":"binary-expr","locations":[{"start":{"line":57,"column":8},"end":{"line":57,"column":17}},{"start":{"line":57,"column":21},"end":{"line":57,"column":71}}]},"11":{"loc":{"start":{"line":61,"column":10},"end":{"line":61,"column":69}},"type":"binary-expr","locations":[{"start":{"line":61,"column":10},"end":{"line":61,"column":63}},{"start":{"line":61,"column":67},"end":{"line":61,"column":69}}]},"12":{"loc":{"start":{"line":62,"column":12},"end":{"line":62,"column":13}},"type":"if","locations":[{"start":{"line":62,"column":12},"end":{"line":62,"column":13}}]},"13":{"loc":{"start":{"line":67,"column":10},"end":{"line":67,"column":74}},"type":"binary-expr","locations":[{"start":{"line":67,"column":10},"end":{"line":67,"column":19}},{"start":{"line":67,"column":23},"end":{"line":67,"column":74}}]},"14":{"loc":{"start":{"line":68,"column":15},"end":{"line":84,"column":null}},"type":"if","locations":[{"start":{"line":68,"column":15},"end":{"line":84,"column":null}}]},"15":{"loc":{"start":{"line":71,"column":10},"end":{"line":72,"column":78}},"type":"binary-expr","locations":[{"start":{"line":71,"column":10},"end":{"line":71,"column":19}},{"start":{"line":72,"column":12},"end":{"line":72,"column":78}}]},"16":{"loc":{"start":{"line":73,"column":10},"end":{"line":81,"column":null}},"type":"if","locations":[{"start":{"line":73,"column":10},"end":{"line":81,"column":null}}]},"17":{"loc":{"start":{"line":98,"column":4},"end":{"line":98,"column":53}},"type":"binary-expr","locations":[{"start":{"line":98,"column":4},"end":{"line":98,"column":13}},{"start":{"line":98,"column":17},"end":{"line":98,"column":53}}]},"18":{"loc":{"start":{"line":100,"column":6},"end":{"line":100,"column":65}},"type":"binary-expr","locations":[{"start":{"line":100,"column":6},"end":{"line":100,"column":59}},{"start":{"line":100,"column":63},"end":{"line":100,"column":65}}]},"19":{"loc":{"start":{"line":111,"column":4},"end":{"line":111,"column":54}},"type":"binary-expr","locations":[{"start":{"line":111,"column":4},"end":{"line":111,"column":13}},{"start":{"line":111,"column":17},"end":{"line":111,"column":54}}]},"20":{"loc":{"start":{"line":114,"column":4},"end":{"line":126,"column":null}},"type":"if","locations":[{"start":{"line":114,"column":4},"end":{"line":126,"column":null}}]},"21":{"loc":{"start":{"line":114,"column":8},"end":{"line":114,"column":27}},"type":"cond-expr","locations":[{"start":{"line":114,"column":19},"end":{"line":114,"column":21}},{"start":{"line":114,"column":19},"end":{"line":114,"column":27}}]},"22":{"loc":{"start":{"line":114,"column":8},"end":{"line":114,"column":21}},"type":"binary-expr","locations":[{"start":{"line":114,"column":8},"end":{"line":114,"column":21}},{"start":{"line":114,"column":19},"end":{"line":114,"column":21}}]},"23":{"loc":{"start":{"line":114,"column":8},"end":{"line":114,"column":19}},"type":"cond-expr","locations":[{"start":{"line":114,"column":9},"end":{"line":114,"column":11}},{"start":{"line":114,"column":8},"end":{"line":114,"column":19}}]},"24":{"loc":{"start":{"line":114,"column":8},"end":{"line":114,"column":11}},"type":"binary-expr","locations":[{"start":{"line":114,"column":8},"end":{"line":114,"column":11}},{"start":{"line":114,"column":8},"end":{"line":114,"column":11}}]},"25":{"loc":{"start":{"line":115,"column":6},"end":{"line":123,"column":null}},"type":"if","locations":[{"start":{"line":115,"column":6},"end":{"line":123,"column":null}}]},"26":{"loc":{"start":{"line":135,"column":2},"end":{"line":135,"column":null}},"type":"switch","locations":[{"start":{"line":135,"column":2},"end":{"line":135,"column":null}}]},"27":{"loc":{"start":{"line":136,"column":9},"end":{"line":136,"column":69}},"type":"binary-expr","locations":[{"start":{"line":136,"column":9},"end":{"line":136,"column":63}},{"start":{"line":136,"column":67},"end":{"line":136,"column":69}}]},"28":{"loc":{"start":{"line":139,"column":0},"end":{"line":197,"column":null}},"type":"cond-expr","locations":[{"start":{"line":139,"column":13},"end":{"line":139,"column":15}},{"start":{"line":139,"column":0},"end":{"line":197,"column":null}}]},"29":{"loc":{"start":{"line":139,"column":0},"end":{"line":139,"column":15}},"type":"binary-expr","locations":[{"start":{"line":139,"column":0},"end":{"line":139,"column":15}},{"start":{"line":139,"column":0},"end":{"line":139,"column":15}}]},"30":{"loc":{"start":{"line":196,"column":4},"end":{"line":196,"column":null}},"type":"switch","locations":[{"start":{"line":196,"column":4},"end":{"line":196,"column":null}}]},"31":{"loc":{"start":{"line":176,"column":6},"end":{"line":176,"column":11}},"type":"if","locations":[{"start":{"line":176,"column":6},"end":{"line":176,"column":11}}]},"32":{"loc":{"start":{"line":176,"column":6},"end":{"line":177,"column":58}},"type":"binary-expr","locations":[{"start":{"line":176,"column":6},"end":{"line":176,"column":21}},{"start":{"line":177,"column":6},"end":{"line":177,"column":58}}]},"33":{"loc":{"start":{"line":176,"column":6},"end":{"line":176,"column":21}},"type":"cond-expr","locations":[{"start":{"line":176,"column":11},"end":{"line":176,"column":13}},{"start":{"line":176,"column":6},"end":{"line":176,"column":21}}]},"34":{"loc":{"start":{"line":176,"column":6},"end":{"line":176,"column":13}},"type":"binary-expr","locations":[{"start":{"line":176,"column":6},"end":{"line":176,"column":13}},{"start":{"line":176,"column":6},"end":{"line":176,"column":13}}]},"35":{"loc":{"start":{"line":177,"column":34},"end":{"line":177,"column":57}},"type":"cond-expr","locations":[{"start":{"line":177,"column":49},"end":{"line":177,"column":51}},{"start":{"line":177,"column":49},"end":{"line":177,"column":57}}]},"36":{"loc":{"start":{"line":177,"column":34},"end":{"line":177,"column":51}},"type":"binary-expr","locations":[{"start":{"line":177,"column":34},"end":{"line":177,"column":51}},{"start":{"line":177,"column":49},"end":{"line":177,"column":51}}]},"37":{"loc":{"start":{"line":17
[...]
rt":{"line":89,"column":4},"end":{"line":91,"column":11}},{"start":{"line":92,"column":4},"end":{"line":94,"column":11}},{"start":{"line":95,"column":4},"end":{"line":97,"column":11}},{"start":{"line":98,"column":4},"end":{"line":100,"column":11}},{"start":{"line":101,"column":4},"end":{"line":103,"column":11}},{"start":{"line":104,"column":4},"end":{"line":106,"column":11}}]},"7":{"loc":{"start":{"line":200,"column":19},"end":{"line":200,"column":70}},"type":"binary-expr","locations":[{"start":{"line":200,"column":19},"end":{"line":200,"column":64}},{"start":{"line":200,"column":68},"end":{"line":200,"column":70}}]},"8":{"loc":{"start":{"line":203,"column":2},"end":{"line":221,"column":null}},"type":"switch","locations":[{"start":{"line":204,"column":4},"end":{"line":206,"column":11}},{"start":{"line":207,"column":4},"end":{"line":209,"column":11}},{"start":{"line":210,"column":4},"end":{"line":212,"column":11}},{"start":{"line":213,"column":4},"end":{"line":215,"column":11}},{"start":{"line":216,"column":4},"end":{"line":218,"column":11}},{"start":{"line":219,"column":4},"end":{"line":220,"column":11}}]},"9":{"loc":{"start":{"line":232,"column":2},"end":{"line":251,"column":null}},"type":"switch","locations":[{"start":{"line":233,"column":4},"end":{"line":235,"column":11}},{"start":{"line":236,"column":4},"end":{"line":238,"column":11}},{"start":{"line":239,"column":4},"end":{"line":241,"column":11}},{"start":{"line":242,"column":4},"end":{"line":244,"column":11}},{"start":{"line":245,"column":4},"end":{"line":247,"column":11}},{"start":{"line":248,"column":4},"end":{"line":250,"column":11}}]},"10":{"loc":{"start":{"line":257,"column":2},"end":{"line":263,"column":null}},"type":"if","locations":[{"start":{"line":257,"column":2},"end":{"line":263,"column":null}},{"start":{"line":259,"column":9},"end":{"line":263,"column":null}}]},"11":{"loc":{"start":{"line":273,"column":2},"end":{"line":286,"column":null}},"type":"if","locations":[{"start":{"line":273,"column":2},"end":{"line":286,"column":null}},{"start":{"line":275,"column":9},"end":{"line":286,"column":null}}]},"12":{"loc":{"start":{"line":277,"column":4},"end":{"line":285,"column":null}},"type":"if","locations":[{"start":{"line":277,"column":4},"end":{"line":285,"column":null}}]},"13":{"loc":{"start":{"line":282,"column":6},"end":{"line":284,"column":null}},"type":"if","locations":[{"start":{"line":282,"column":6},"end":{"line":284,"column":null}}]},"14":{"loc":{"start":{"line":282,"column":10},"end":{"line":282,"column":43}},"type":"binary-expr","locations":[{"start":{"line":282,"column":10},"end":{"line":282,"column":27}},{"start":{"line":282,"column":31},"end":{"line":282,"column":43}}]},"15":{"loc":{"start":{"line":316,"column":16},"end":{"line":316,"column":68}},"type":"binary-expr","locations":[{"start":{"line":316,"column":16},"end":{"line":316,"column":62}},{"start":{"line":316,"column":66},"end":{"line":316,"column":68}}]},"16":{"loc":{"start":{"line":319,"column":2},"end":{"line":329,"column":null}},"type":"switch","locations":[{"start":{"line":320,"column":4},"end":{"line":322,"column":11}},{"start":{"line":323,"column":4},"end":{"line":325,"column":11}},{"start":{"line":326,"column":4},"end":{"line":328,"column":11}}]},"17":{"loc":{"start":{"line":319,"column":10},"end":{"line":319,"column":33}},"type":"cond-expr","locations":[{"start":{"line":319,"column":25},"end":{"line":319,"column":27}},{"start":{"line":319,"column":25},"end":{"line":319,"column":33}}]},"18":{"loc":{"start":{"line":319,"column":10},"end":{"line":319,"column":27}},"type":"binary-expr","locations":[{"start":{"line":319,"column":10},"end":{"line":319,"column":27}},{"start":{"line":319,"column":25},"end":{"line":319,"column":27}}]},"19":{"loc":{"start":{"line":319,"column":10},"end":{"line":319,"column":25}},"type":"cond-expr","locations":[{"start":{"line":319,"column":15},"end":{"line":319,"column":17}},{"start":{"line":319,"column":10},"end":{"line":319,"column":25}}]},"20":{"loc":{"start":{"line":319,"column":10},"end":{"line":319,"column":17}},"type":"binary-expr","locations":[{"start":{"line":319,"column":10},"end":{"line":319,"column":17}},{"start":{"line":319,"column":10},"end":{"line":319,"column":17}}]},"21":{"loc":{"start":{"line":321,"column":16},"end":{"line":321,"column":37}},"type":"cond-expr","locations":[{"start":{"line":321,"column":31},"end":{"line":321,"column":33}},{"start":{"line":321,"column":31},"end":{"line":321,"column":37}}]},"22":{"loc":{"start":{"line":321,"column":16},"end":{"line":321,"column":33}},"type":"binary-expr","locations":[{"start":{"line":321,"column":16},"end":{"line":321,"column":33}},{"start":{"line":321,"column":31},"end":{"line":321,"column":33}}]},"23":{"loc":{"start":{"line":321,"column":16},"end":{"line":321,"column":31}},"type":"cond-expr","locations":[{"start":{"line":321,"column":21},"end":{"line":321,"column":23}},{"start":{"line":321,"column":16},"end":{"line":321,"column":31}}]},"24":{"loc":{"start":{"line":321,"column":16},"end":{"line":321,"column":23}},"type":"binary-expr","locations":[{"start":{"line":321,"column":16},"end":{"line":321,"column":23}},{"start":{"line":321,"column":16},"end":{"line":321,"column":23}}]},"25":{"loc":{"start":{"line":324,"column":16},"end":{"line":324,"column":30}},"type":"cond-expr","locations":[{"start":{"line":324,"column":21},"end":{"line":324,"column":23}},{"start":{"line":324,"column":16},"end":{"line":324,"column":30}}]},"26":{"loc":{"start":{"line":324,"column":16},"end":{"line":324,"column":23}},"type":"binary-expr","locations":[{"start":{"line":324,"column":16},"end":{"line":324,"column":23}},{"start":{"line":324,"column":16},"end":{"line":324,"column":23}}]},"27":{"loc":{"start":{"line":327,"column":16},"end":{"line":327,"column":46}},"type":"cond-expr","locations":[{"start":{"line":327,"column":37},"end":{"line":327,"column":39}},{"start":{"line":327,"column":37},"end":{"line":327,"column":46}}]},"28":{"loc":{"start":{"line":327,"column":16},"end":{"line":327,"column":39}},"type":"binary-expr","locations":[{"start":{"line":327,"column":16},"end":{"line":327,"column":39}},{"start":{"line":327,"column":37},"end":{"line":327,"column":39}}]},"29":{"loc":{"start":{"line":327,"column":16},"end":{"line":327,"column":37}},"type":"cond-expr","locations":[{"start":{"line":327,"column":31},"end":{"line":327,"column":33}},{"start":{"line":327,"column":31},"end":{"line":327,"column":37}}]},"30":{"loc":{"start":{"line":327,"column":16},"end":{"line":327,"column":33}},"type":"binary-expr","locations":[{"start":{"line":327,"column":16},"end":{"line":327,"column":33}},{"start":{"line":327,"column":31},"end":{"line":327,"column":33}}]},"31":{"loc":{"start":{"line":327,"column":16},"end":{"line":327,"column":31}},"type":"cond-expr","locations":[{"start":{"line":327,"column":21},"end":{"line":327,"column":23}},{"start":{"line":327,"column":16},"end":{"line":327,"column":31}}]},"32":{"loc":{"start":{"line":327,"column":16},"end":{"line":327,"column":23}},"type":"binary-expr","locations":[{"start":{"line":327,"column":16},"end":{"line":327,"column":23}},{"start":{"line":327,"column":16},"end":{"line":327,"column":23}}]},"33":{"loc":{"start":{"line":331,"column":19},"end":{"line":331,"column":62}},"type":"binary-expr","locations":[{"start":{"line":331,"column":19},"end":{"line":331,"column":42}},{"start":{"line":331,"column":46},"end":{"line":331,"column":62}}]},"34":{"loc":{"start":{"line":331,"column":19},"end":{"line":331,"column":42}},"type":"cond-expr","locations":[{"start":{"line":331,"column":34},"end":{"line":331,"column":36}},{"start":{"line":331,"column":34},"end":{"line":331,"column":42}}]},"35":{"loc":{"start":{"line":331,"column":19},"end":{"line":331,"column":36}},"type":"binary-expr","locations":[{"start":{"line":331,"column":19},"end":{"line":331,"column":36}},{"start":{"line":331,"column":34},"end":{"line":331,"column":36}}]},"36":{"loc":{"start":{"line":331,"column":19},"end":{"line":331,"column":34}},"type":"cond-expr","locations":[{"start":{"line":331,"column":24},"end":{"line":331,"column":26}},{"start":{"line":331,"column":19},"end":{"line":331,"column":34}}]},"37":{"loc":{"start":{"line":331,"column":19},"end":{"line":331,"column":26}},"type":"binary-expr","locations":[{"start":{"line":331,"column":19},"end":{"line":331,"column":26}},{"start":{"line":331,"column":19},"end":{"line":331,"column":26}}]},"38":{"loc":{"start":{"line":332,"column":2},"end":{"line":334,"column":null}},"type":"if","locations":[{"start":{"line":332,"column":2},"end":{"line":334,"column":null}}]},"39":{"loc":{"start":{"line":332,"column":7},"end":{"line":332,"column":22}},"type":"cond-expr","locations":[{"start":{"line":332,"column":12},"end":{"line":332,"column":14}},{"start":{"line":332,"column":7},"end":{"line":332,"column":22}}]},"40":{"loc":{"start":{"line":332,"column":7},"end":{"line":332,"column":14}},"type":"binary-expr","locations":[{"start":{"line":332,"column":7},"end":{"line":332,"column":14}},{"start":{"line":332,"column":7},"end":{"line":332,"column":14}}]},"41":{"loc":{"start":{"line":338,"column":13},"end":{"line":338,"column":35}},"type":"binary-expr","locations":[{"start":{"line":338,"column":13},"end":{"line":338,"column":20}},{"start":{"line":338,"column":24},"end":{"line":338,"column":35}}]},"42":{"loc":{"start":{"line":346,"column":2},"end":{"line":359,"column":null}},"type":"switch","locations":[{"start":{"line":347,"column":4},"end":{"line":349,"column":11}},{"start":{"line":350,"column":4},"end":{"line":352,"column":11}},{"start":{"line":353,"column":4},"end":{"line":355,"column":11}},{"start":{"line":356,"column":4},"end":{"line":358,"column":11}}]},"43":{"loc":{"start":{"line":369,"column":28},"end":{"line":370,"column":null}},"type":"cond-expr","locations":[{"start":{"line":369,"column":37},"end":{"line":369,"column":39}},{"start":{"line":369,"column":28},"end":{"line":370,"column":null}}]},"44":{"loc":{"start":{"line":369,"column":28},"end":{"line":369,"column":39}},"type":"binary-expr","locations":[{"start":{"line":369,"column":28},"end":{"line":369,"column":39}},{"start":{"line":369,"column":28},"end":{"line":369,"column":39}}]},"45":{"loc":{"start":{"line":373,"column":2},"end":{"line":409,"column":null}},"type":"if","locations":[{"start":{"line":373,"column":2},"end":{"line":409,"column":null}}]},"46":{"loc":{"start":{"line":374,"column":30},"end":{"line":375,"column":null}},"type":"cond-expr","locations":[{"start":{"line":374,"column":60},"end":{"line":374,"column":62}},{"start":{"line":374,"column":60},"end":{"line":375,"column":null}}]},"47":{"loc":{"start":{"line":374,"column":30},"end":{"line":374,"column":62}},"type":"binary-expr","locations":[{"start":{"line":374,"column":30},"end":{"line":374,"column":62}},{"start":{"line":374,"column":60},"end":{"line":374,"column":62}}]},"48":{"loc":{"start":{"line":378,"column":4},"end":{"line":391,"column":null}},"type":"switch","locations":[{"start":{"line":379,"column":6},"end":{"line":381,"column":13}},{"start":{"line":382,"column":6},"end":{"line":384,"column":13}},{"start":{"line":385,"column":6},"end":{"line":387,"column":13}},{"start":{"line":388,"column":6},"end":{"line":390,"column":13}}]},"49":{"loc":{"start":{"line":393,"column":4},"end":{"line":406,"column":null}},"type":"switch","locations":[{"start":{"line":394,"column":6},"end":{"line":396,"column":13}},{"start":{"line":397,"column":6},"end":{"line":399,"column":13}},{"start":{"line":400,"column":6},"end":{"line":402,"column":13}},{"start":{"line":403,"column":6},"end":{"line":405,"column":13}}]},"50":{"loc":{"start":{"line":395,"column":18},"end":{"line":395,"column":60}},"type":"cond-expr","locations":[{"start":{"line":395,"column":54},"end":{"line":395,"column":58}},{"start":{"line":395,"column":58},"end":{"line":395,"column":60}}]},"51":{"loc":{"start":{"line":395,"column":18},"end":{"line":395,"column":58}},"type":"binary-expr","locations":[{"start":{"line":395,"column":18},"end":{"line":395,"column":58}},{"start":{"line":395,"column":54},"end":{"line":395,"column":58}}]},"52":{"loc":{"start":{"line":395,"column":18},"end":{"line":395,"column":54}},"type":"cond-expr","locations":[{"start":{"line":395,"column":35},"end":{"line":395,"column":37}},{"start":{"line":395,"column":18},"end":{"line":395,"column":54}}]},"53":{"loc":{"start":{"line":395,"column":18},"end":{"line":395,"column":37}},"type":"binary-expr","locations":[{"start":{"line":395,"column":18},"end":{"line":395,"column":37}},{"start":{"line":395,"column":18},"end":{"line":395,"column":37}}]},"54":{"loc":{"start":{"line":398,"column":18},"end":{"line":398,"column":61}},"type":"cond-expr","locations":[{"start":{"line":398,"column":55},"end":{"line":398,"column":59}},{"start":{"line":398,"column":59},"end":{"line":398,"column":61}}]},"55":{"loc":{"start":{"line":398,"column":18},"end":{"line":398,"column":59}},"type":"binary-expr","locations":[{"start":{"line":398,"column":18},"end":{"line":398,"column":59}},{"start":{"line":398,"column":55},"end":{"line":398,"column":59}}]},"56":{"loc":{"start":{"line":398,"column":18},"end":{"line":398,"column":55}},"type":"cond-expr","locations":[{"start":{"line":398,"column":35},"end":{"line":398,"column":37}},{"start":{"line":398,"column":18},"end":{"line":398,"column":55}}]},"57":{"loc":{"start":{"line":398,"column":18},"end":{"line":398,"column":37}},"type":"binary-expr","locations":[{"start":{"line":398,"column":18},"end":{"line":398,"column":37}},{"start":{"line":398,"column":18},"end":{"line":398,"column":37}}]},"58":{"loc":{"start":{"line":401,"column":18},"end":{"line":401,"column":61}},"type":"cond-expr","locations":[{"start":{"line":401,"column":55},"end":{"line":401,"column":59}},{"start":{"line":401,"column":59},"end":{"line":401,"column":61}}]},"59":{"loc":{"start":{"line":401,"column":18},"end":{"line":401,"column":59}},"type":"binary-expr","locations":[{"start":{"line":401,"column":18},"end":{"line":401,"column":59}},{"start":{"line":401,"column":55},"end":{"line":401,"column":59}}]},"60":{"loc":{"start":{"line":401,"column":18},"end":{"line":401,"column":55}},"type":"cond-expr","locations":[{"start":{"line":401,"column":35},"end":{"line":401,"column":37}},{"start":{"line":401,"column":18},"end":{"line":401,"column":55}}]},"61":{"loc":{"start":{"line":401,"column":18},"end":{"line":401,"column":37}},"type":"binary-expr","locations":[{"start":{"line":401,"column":18},"end":{"line":401,"column":37}},{"start":{"line":401,"column":18},"end":{"line":401,"column":37}}]},"62":{"loc":{"start":{"line":404,"column":18},"end":{"line":404,"column":61}},"type":"cond-expr","locations":[{"start":{"line":404,"column":55},"end":{"line":404,"column":59}},{"start":{"line":404,"column":59},"end":{"line":404,"column":61}}]},"63":{"loc":{"start":{"line":404,"column":18},"end":{"line":404,"column":59}},"type":"binary-expr","locations":[{"start":{"line":404,"column":18},"end":{"line":404,"column":59}},{"start":{"line":404,"column":55},"end":{"line":404,"column":59}}]},"64":{"loc":{"start":{"line":404,"column":18},"end":{"line":404,"column":55}},"type":"cond-expr","locations":[{"start":{"line":404,"column":35},"end":{"line":404,"column":37}},{"start":{"line":404,"column":18},"end":{"line":404,"column":55}}]},"65":{"loc":{"start":{"line":404,"column":18},"end":{"line":404,"column":37}},"type":"binary-expr","locations":[{"start":{"line":404,"column":18},"end":{"line":404,"column":37}},{"start":{"line":404,"column":18},"end":{"line":404,"column":37}}]},"66":{"loc":{"start":{"line":421,"column":2},"end":{"line":432,"column":null}},"type":"switch","locations":[{"start":{"line":422,"column":4},"end":{"line":423,"column":null}},{"start":{"line":424,"column":4},"end":{"line":425,"column":null}},{"start":{"line":426,"column":4},"end":{"line":427,"column":null}},{"start":{"line":428,"column":4},"end":{"line":429,"column":null}},{"start":{"line":430,"column":4},"end":{"line":431,"column":null}}]},"67":{"loc":{"start":{"line":437,"column":2},"end":{"line":448,"column":null}},"type":"switch","locations":[{"start":{"line":438,"column":4},"end":{"line":439,"column":null}},{"start":{"line":440,"column":4},"end":{"line":441,"column":null}},{"start":{"line":442,"column":4},"end":{"line":443,"column":null}},{"start":{"line":444,"column":4},"end":{"line":445,"column":null}},{"start":{"line":446,"column":4},"end":{"line":447,"column":null}}]},"68":{"loc":{"start":{"line":452,"column":2},"end":{"line":454,"column":null}},"type":"if","locations":[{"start":{"line":452,"column":2},"end":{"line":454,"column":null}}]},"69":{"loc":{"start":{"line":463,"column":16},"end":{"line":463,"column":68}},"type":"binary-expr","locations":[{"start":{"line":463,"column":16},"end":{"line":463,"column":62}},{"start":{"line":463,"column":66},"end":{"line":463,"column":68}}]},"70":{"loc":{"start":{"line":486,"column":4},"end":{"line":488,"column":null}},"type":"if","locations":[{"start":{"line":486,"column":4},"end":{"line":488,"column":null}}]}},"s":{"0":2,"1":2,"2":2,"3":2,"4":2,"5":11,"6":11,"7":11,"8":11,"9":11,"10":11,"11":2,"12":2,"13":0,"14":0,"15":0,"16":0,"17":0,"18":0,"19":0,"20":2,"21":2,"22":0,"23":0,"24":0,"25":0,"26":0,"27":0,"28":0,"29":0,"30":0,"31":0,"32":0,"33":0,"34":0,"35":0,"36":0,"37":0,"38":0,"39":0,"40":0,"41":0,"42":0,"43":0,"44":0,"45":0,"46":0,"47":0,"48":0,"49":0,"50":0,"51":0,"52":0,"53":0,"54":0,"55":0,"56":0,"57":0,"58":0,"59":0,"60":0,"61":0,"62":0,"63":2,"64":2,"65":0,"66":0,"67":0,"68":0,"69":2,"70":2,"71":0,"72":0,"73":0,"74":0,"75":2,"76":2,"77":0,"78":0,"79":0,"80":2,"81":2,"82":0,"83":2,"84":2,"85":0,"86":2,"87":2,"88":0,"89":0,"90":2,"91":2,"92":0,"93":0,"94":2,"95":2,"96":0,"97":0,"98":0,"99":0,"100":0,"101":0,"102":0,"103":0,"104":0,"105":0,"106":0,"107":0,"108":0,"109":0,"110":0,"111":2,"112":2,"113":0,"114":0,"115":0,"116":0,"117":0,"118":0,"119":0,"120":0,"121":0,"122":0,"123":0,"124":0,"125":0,"126":0,"127":0,"128":0,"129":2,"130":2,"131":0,"132":0,"133":0,"134":0,"135":0,"136":2,"137":2,"138":0,"139":0,"140":0,"141":0,"142":0,"143":0,"144":0,"145":0,"146":0,"147":0,"148":2,"149":2,"150":0,"151":0,"152":2,"153":2,"154":0,"155":0,"156":0,"157":0,"158":0,"159":2,"160":2,"161":0,"162":0,"163":0,"164":0,"165":0,"166":0,"167":0,"168":0,"169":0,"170":0,"171":0,"172":0,"173":0,"174":0,"175":2,"176":2,"177":0,"178":0,"179":0,"180":0,"181":0,"182":0,"183":0,"184":0,"185":0,"186":0,"187":0,"188":2,"189":2,"190":0,"191":0,"192":0,"193":0,"194":0,"195":0,"196":0,"197":0,"198":0,"199":0,"200":0,"201":0,"202":0,"203":0,"204":0,"205":0,"206":0,"207":0,"208":0,"209":0,"210":0,"211":0,"212":0,"213":0,"214":0,"215":0,"216":2,"217":2,"218":0,"219":2,"220":2,"221":21,"222":21,"223":0,"224":0,"225":0,"226":0,"227":21,"228":2,"229":2,"230":1,"231":1,"232":0,"233":0,"234":0,"235":0,"236":1,"237":2,"238":2,"239":0,"240":0,"241":0,"242":0,"243":0,"244":2,"245":2,"246":0,"247":0,"248":0,"249":2,"250":0,"251":0,"252":0,"253":0,"254":0,"255":0,"256":0,"257":2},"f":{"0":11,"1":0,"2":0,"3":0,"4":0,"5":0,"6":0,"7":0,"8":0,"9":0,"10":0,"11":0,"12":0,"13":0,"14":0,"15":0,"16":0,"17":0,"18":0,"19":0,"20":0,"21":0,"22":0,"23":21,"24":1,"25":0,"26":0,"27":0,"28":0,"29":0},"b":{"0":[11,11],"1":[11,11],"2":[11,11],"3":[11,11],"4":[11,11],"5":[0],"6":[0,0,0,0,0,0,0,0,0,0,0,0,0,0,0,0,0,0,0],"7":[0,0],"8":[0,0,0,0,0,0],"9":[0,0,0,0,0,0],"10":[0,0],"11":[0,0],"12":[0],"13":[0],"14":[0,0],"15":[0,0],"16":[0,0,0],"17":[0,0],"18":[0,0],"19":[0,0],"20":[0,0],"21":[0,0],"22":[0,0],"23":[0,0],"24":[0,0],"25":[0,0],"26":[0,0],"27":[0,0],"28":[0,0],"29":[0,0],"30":[0,0],"31":[0,0],"32":[0,0],"33":[0,0],"34":[0,0],"35":[0,0],"36":[0,0],"37":[0,0],"38":[0],"39":[0,0],"40":[0,0],"41":[0,0],"42":[0,0,0,0],"43":[0,0],"44":[0,0],"45":[0],"46":[0,0],"47":[0,0],"48":[0,0,0,0],"49":[0,0,0,0],"50":[0,0],"51":[0,0],"52":[0,0],"53":[0,0],"54":[0,0],"55":[0,0],"56":[0,0],"57":[0,0],"58":[0,0],"59":[0,0],"60":[0,0],"61":[0,0],"62":[0,0],"63":[0,0],"64":[0,0],"65":[0,0],"66":[0,0,0,0,21],"67":[0,0,0,0,1],"68":[0],"69":[0,0],"70":[0]}}
}
