TN:
SF:src/APICalls/login.ts
FN:9,(anonymous_16)
FN:9,(anonymous_17)
FNF:2
FNH:0
FNDA:0,(anonymous_16)
FNDA:0,(anonymous_17)
DA:1,1
DA:2,1
DA:9,1
DA:10,0
DA:12,0
DA:15,0
DA:23,0
DA:25,0
DA:26,0
DA:39,0
LF:10
LH:3
BRDA:25,0,0,0
BRDA:25,1,0,0
BRDA:25,1,1,0
BRDA:25,2,0,0
BRDA:25,2,1,0
BRDA:27,3,0,0
BRDA:27,3,1,0
BRDA:27,4,0,0
BRDA:27,4,1,0
BRDA:28,5,0,0
BRDA:28,5,1,0
BRDA:28,6,0,0
BRDA:28,6,1,0
BRDA:29,7,0,0
BRDA:29,7,1,0
BRDA:29,8,0,0
BRDA:29,8,1,0
BRDA:32,9,0,0
BRDA:32,9,1,0
BRDA:32,10,0,0
BRDA:32,10,1,0
BRDA:33,11,0,0
BRDA:33,11,1,0
BRDA:33,12,0,0
BRDA:33,12,1,0
BRF:25
BRH:0
end_of_record
TN:
SF:src/APICalls/notify.ts
FN:24,(anonymous_16)
FN:24,(anonymous_17)
FN:37,(anonymous_19)
FN:37,(anonymous_20)
FN:50,(anonymous_22)
FN:50,(anonymous_23)
FN:63,(anonymous_25)
FN:76,(anonymous_28)
FN:89,(anonymous_31)
FN:91,(anonymous_32)
FN:106,(anonymous_34)
FN:109,(anonymous_35)
FN:124,(anonymous_37)
FN:127,(anonymous_38)
FN:142,(anonymous_40)
FNF:15
FNH:1
FNDA:0,(anonymous_16)
FNDA:0,(anonymous_17)
FNDA:0,(anonymous_19)
FNDA:0,(anonymous_20)
FNDA:0,(anonymous_22)
FNDA:0,(anonymous_23)
FNDA:0,(anonymous_25)
FNDA:0,(anonymous_28)
FNDA:0,(anonymous_31)
FNDA:0,(anonymous_32)
FNDA:0,(anonymous_34)
FNDA:0,(anonymous_35)
FNDA:0,(anonymous_37)
FNDA:0,(anonymous_38)
FNDA:6,(anonymous_40)
DA:1,1
DA:3,1
DA:18,1
DA:20,1
DA:24,1
DA:26,0
DA:30,0
DA:32,0
DA:33,0
DA:37,1
DA:39,0
DA:43,0
DA:45,0
DA:46,0
DA:50,1
DA:52,0
DA:56,0
DA:58,0
DA:59,0
DA:63,1
DA:65,0
DA:66,0
DA:70,0
DA:72,0
DA:76,1
DA:78,0
DA:79,0
DA:83,0
DA:85,0
DA:89,1
DA:91,0
DA:94,0
DA:95,0
DA:96,0
DA:100,0
DA:102,0
DA:106,1
DA:109,0
DA:112,0
DA:113,0
DA:118,0
DA:120,0
DA:124,1
DA:127,0
DA:130,0
DA:131,0
DA:136,0
DA:138,0
DA:142,4
DA:144,3
DA:145,3
DA:149,0
DA:151,3
LF:53
LH:16
BRDA:21,0,0,1
BRDA:21,0,1,0
BRDA:21,1,0,1
BRDA:21,1,1,1
BRF:4
BRH:3
end_of_record
TN:
SF:src/APICalls/tenantManage.ts
FN:18,(anonymous_16)
FN:20,(anonymous_17)
FN:41,(anonymous_19)
FN:41,(anonymous_20)
FN:62,(anonymous_22)
FN:65,(anonymous_23)
FN:88,(anonymous_25)
FN:88,(anonymous_26)
FN:103,(anonymous_28)
FN:105,(anonymous_29)
FN:127,(anonymous_31)
FN:127,(anonymous_32)
FN:145,(anonymous_34)
FN:147,(anonymous_35)
FN:169,(anonymous_37)
FN:169,(anonymous_38)
FNF:16
FNH:0
FNDA:0,(anonymous_16)
FNDA:0,(anonymous_17)
FNDA:0,(anonymous_19)
FNDA:0,(anonymous_20)
FNDA:0,(anonymous_22)
FNDA:0,(anonymous_23)
FNDA:0,(anonymous_25)
FNDA:0,(anonymous_26)
FNDA:0,(anonymous_28)
FNDA:0,(anonymous_29)
FNDA:0,(anonymous_31)
FNDA:0,(anonymous_32)
FNDA:0,(anonymous_34)
FNDA:0,(anonymous_35)
FNDA:0,(anonymous_37)
FNDA:0,(anonymous_38)
DA:1,1
DA:2,1
DA:15,1
DA:16,1
DA:18,1
DA:20,0
DA:22,0
DA:27,0
DA:33,0
DA:34,0
DA:36,0
DA:37,0
DA:41,1
DA:42,0
DA:44,0
DA:55,0
DA:57,0
DA:58,0
DA:62,1
DA:65,0
DA:67,0
DA:69,0
DA:80,0
DA:82,0
DA:83,0
DA:88,1
DA:90,0
DA:96,0
DA:98,0
DA:99,0
DA:103,1
DA:105,0
DA:111,0
DA:120,0
DA:122,0
DA:123,0
DA:127,1
DA:129,0
DA:138,0
DA:140,0
DA:141,0
DA:145,1
DA:147,0
DA:150,0
DA:158,0
DA:162,0
DA:164,0
DA:165,0
DA:169,1
DA:171,0
DA:180,0
DA:182,0
DA:183,0
LF:53
LH:12
BRF:0
BRH:0
end_of_record
TN:
SF:src/APICalls/userAccount.ts
FN:15,(anonymous_16)
FN:29,(anonymous_19)
FN:29,(anonymous_20)
FN:47,(anonymous_22)
FN:47,(anonymous_23)
FN:66,(anonymous_25)
FN:66,(anonymous_26)
FN:81,(anonymous_28)
FN:81,(anonymous_29)
FN:96,(anonymous_31)
FN:96,(anonymous_32)
FNF:11
FNH:0
FNDA:0,(anonymous_16)
FNDA:0,(anonymous_19)
FNDA:0,(anonymous_20)
FNDA:0,(anonymous_22)
FNDA:0,(anonymous_23)
FNDA:0,(anonymous_25)
FNDA:0,(anonymous_26)
FNDA:0,(anonymous_28)
FNDA:0,(anonymous_29)
FNDA:0,(anonymous_31)
FNDA:0,(anonymous_32)
DA:2,2
DA:10,2
DA:11,2
DA:15,2
DA:16,0
DA:18,0
DA:22,0
DA:24,0
DA:25,0
DA:29,2
DA:30,0
DA:32,0
DA:40,0
DA:42,0
DA:43,0
DA:47,2
DA:49,0
DA:54,0
DA:56,0
DA:57,0
DA:58,0
DA:60,0
DA:61,0
DA:66,2
DA:67,0
DA:69,0
DA:74,0
DA:76,0
DA:77,0
DA:81,2
DA:82,0
DA:84,0
DA:89,0
DA:91,0
DA:92,0
DA:96,2
DA:97,0
DA:99,0
DA:104,0
DA:106,0
DA:107,0
LF:41
LH:9
BRDA:56,0,0,0
BRDA:56,0,1,0
BRF:2
BRH:0
end_of_record
TN:
SF:src/APICalls/ASTD/recycling.ts
FN:9,(anonymous_16)
FN:9,(anonymous_17)
FN:24,(anonymous_19)
FN:24,(anonymous_20)
FN:39,(anonymous_22)
FN:39,(anonymous_23)
FN:54,(anonymous_25)
FN:54,(anonymous_26)
FN:69,(anonymous_28)
FN:69,(anonymous_29)
FN:84,(anonymous_31)
FN:84,(anonymous_32)
FN:99,(anonymous_34)
FN:99,(anonymous_35)
FN:114,(anonymous_37)
FN:114,(anonymous_38)
FN:135,(anonymous_40)
FN:135,(anonymous_41)
FN:149,(anonymous_43)
FN:149,(anonymous_44)
FN:164,(anonymous_46)
FN:164,(anonymous_47)
FN:185,(anonymous_49)
FN:185,(anonymous_50)
FN:206,(anonymous_52)
FN:206,(anonymous_53)
FN:221,(anonymous_55)
FN:221,(anonymous_56)
FN:237,(anonymous_58)
FN:237,(anonymous_59)
FN:252,(anonymous_61)
FN:266,(anonymous_64)
FN:266,(anonymous_65)
FN:281,(anonymous_67)
FN:295,(anonymous_70)
FN:295,(anonymous_71)
FN:310,(anonymous_73)
FN:310,(anonymous_74)
FN:325,(anonymous_76)
FN:325,(anonymous_77)
FN:340,(anonymous_79)
FN:354,(anonymous_82)
FN:354,(anonymous_83)
FN:369,(anonymous_85)
FN:369,(anonymous_86)
FN:384,(anonymous_88)
FN:384,(anonymous_89)
FN:399,(anonymous_91)
FN:399,(anonymous_92)
FN:414,(anonymous_94)
FN:414,(anonymous_95)
FN:429,(anonymous_97)
FN:429,(anonymous_98)
FN:444,(anonymous_100)
FN:444,(anonymous_101)
FNF:55
FNH:0
FNDA:0,(anonymous_16)
FNDA:0,(anonymous_17)
FNDA:0,(anonymous_19)
FNDA:0,(anonymous_20)
FNDA:0,(anonymous_22)
FNDA:0,(anonymous_23)
FNDA:0,(anonymous_25)
FNDA:0,(anonymous_26)
FNDA:0,(anonymous_28)
FNDA:0,(anonymous_29)
FNDA:0,(anonymous_31)
FNDA:0,(anonymous_32)
FNDA:0,(anonymous_34)
FNDA:0,(anonymous_35)
FNDA:0,(anonymous_37)
FNDA:0,(anonymous_38)
FNDA:0,(anonymous_40)
FNDA:0,(anonymous_41)
FNDA:0,(anonymous_43)
FNDA:0,(anonymous_44)
FNDA:0,(anonymous_46)
FNDA:0,(anonymous_47)
FNDA:0,(anonymous_49)
FNDA:0,(anonymous_50)
FNDA:0,(anonymous_52)
FNDA:0,(anonymous_53)
FNDA:0,(anonymous_55)
FNDA:0,(anonymous_56)
FNDA:0,(anonymous_58)
FNDA:0,(anonymous_59)
FNDA:0,(anonymous_61)
FNDA:0,(anonymous_64)
FNDA:0,(anonymous_65)
FNDA:0,(anonymous_67)
FNDA:0,(anonymous_70)
FNDA:0,(anonymous_71)
FNDA:0,(anonymous_73)
FNDA:0,(anonymous_74)
FNDA:0,(anonymous_76)
FNDA:0,(anonymous_77)
FNDA:0,(anonymous_79)
FNDA:0,(anonymous_82)
FNDA:0,(anonymous_83)
FNDA:0,(anonymous_85)
FNDA:0,(anonymous_86)
FNDA:0,(anonymous_88)
FNDA:0,(anonymous_89)
FNDA:0,(anonymous_91)
FNDA:0,(anonymous_92)
FNDA:0,(anonymous_94)
FNDA:0,(anonymous_95)
FNDA:0,(anonymous_97)
FNDA:0,(anonymous_98)
FNDA:0,(anonymous_100)
FNDA:0,(anonymous_101)
DA:1,1
DA:2,1
DA:7,1
DA:9,1
DA:11,0
DA:17,0
DA:19,0
DA:20,0
DA:24,1
DA:26,0
DA:32,0
DA:34,0
DA:35,0
DA:39,1
DA:41,0
DA:47,0
DA:49,0
DA:50,0
DA:54,1
DA:56,0
DA:62,0
DA:64,0
DA:65,0
DA:69,1
DA:71,0
DA:77,0
DA:79,0
DA:80,0
DA:84,1
DA:86,0
DA:92,0
DA:94,0
DA:95,0
DA:99,1
DA:101,0
DA:107,0
DA:109,0
DA:110,0
DA:114,1
DA:116,0
DA:117,0
DA:128,0
DA:130,0
DA:131,0
DA:135,1
DA:137,0
DA:142,0
DA:144,0
DA:145,0
DA:149,1
DA:151,0
DA:152,0
DA:157,0
DA:159,0
DA:160,0
DA:164,1
DA:166,0
DA:167,0
DA:178,0
DA:180,0
DA:181,0
DA:185,1
DA:187,0
DA:188,0
DA:199,0
DA:201,0
DA:202,0
DA:206,1
DA:208,0
DA:214,0
DA:216,0
DA:217,0
DA:221,1
DA:223,0
DA:230,0
DA:232,0
DA:233,0
DA:237,1
DA:239,0
DA:245,0
DA:247,0
DA:248,0
DA:252,1
DA:254,0
DA:259,0
DA:261,0
DA:262,0
DA:266,1
DA:268,0
DA:274,0
DA:276,0
DA:277,0
DA:281,1
DA:283,0
DA:288,0
DA:290,0
DA:291,0
DA:295,1
DA:297,0
DA:303,0
DA:305,0
DA:306,0
DA:310,1
DA:312,0
DA:318,0
DA:320,0
DA:321,0
DA:325,1
DA:327,0
DA:333,0
DA:335,0
DA:336,0
DA:340,1
DA:342,0
DA:347,0
DA:349,0
DA:350,0
DA:354,1
DA:356,0
DA:362,0
DA:364,0
DA:365,0
DA:369,1
DA:371,0
DA:377,0
DA:379,0
DA:380,0
DA:384,1
DA:386,0
DA:392,0
DA:394,0
DA:395,0
DA:399,1
DA:401,0
DA:407,0
DA:409,0
DA:410,0
DA:414,1
DA:416,0
DA:422,0
DA:424,0
DA:425,0
DA:429,1
DA:431,0
DA:437,0
DA:439,0
DA:440,0
DA:444,1
DA:446,0
DA:451,0
DA:453,0
DA:454,0
LF:152
LH:32
BRF:0
BRH:0
end_of_record
TN:
SF:src/APICalls/Collector/packagingUnit.ts
FN:7,(anonymous_16)
FN:7,(anonymous_17)
FN:28,(anonymous_19)
FN:28,(anonymous_20)
FN:46,(anonymous_22)
FN:46,(anonymous_23)
FNF:6
FNH:0
FNDA:0,(anonymous_16)
FNDA:0,(anonymous_17)
FNDA:0,(anonymous_19)
FNDA:0,(anonymous_20)
FNDA:0,(anonymous_22)
FNDA:0,(anonymous_23)
DA:2,1
DA:3,1
DA:4,1
DA:7,1
DA:9,0
DA:10,0
DA:21,0
DA:23,0
DA:24,0
DA:28,1
DA:30,0
DA:31,0
DA:39,0
DA:41,0
DA:42,0
DA:46,1
DA:48,0
DA:49,0
DA:57,0
DA:59,0
DA:60,0
LF:21
LH:6
BRF:0
BRH:0
end_of_record
TN:
SF:src/components/CustomCopyrightSection.tsx
FN:3,(anonymous_2)
FNF:1
FNH:1
FNDA:7,(anonymous_2)
DA:1,1
DA:3,1
DA:4,7
DA:11,1
LF:4
LH:4
BRF:0
BRH:0
end_of_record
TN:
SF:src/constants/axiosInstance.ts
FN:17,(anonymous_14)
FN:25,(anonymous_15)
FN:36,(anonymous_16)
FN:45,(anonymous_17)
FN:45,(anonymous_18)
FN:91,(anonymous_20)
FN:91,(anonymous_21)
FN:96,(anonymous_23)
FN:134,(anonymous_26)
FN:140,(anonymous_29)
FN:143,(anonymous_30)
FN:143,(anonymous_31)
FN:187,(anonymous_33)
FNF:13
FNH:0
FNDA:0,(anonymous_14)
FNDA:0,(anonymous_15)
FNDA:0,(anonymous_16)
FNDA:0,(anonymous_17)
FNDA:0,(anonymous_18)
FNDA:0,(anonymous_20)
FNDA:0,(anonymous_21)
FNDA:0,(anonymous_23)
FNDA:0,(anonymous_26)
FNDA:0,(anonymous_29)
FNDA:0,(anonymous_30)
FNDA:0,(anonymous_31)
FNDA:0,(anonymous_33)
DA:1,1
DA:2,1
DA:3,1
DA:5,1
DA:6,1
DA:7,1
DA:9,1
DA:10,1
DA:12,1
DA:13,1
DA:17,1
DA:18,0
DA:19,0
DA:21,0
DA:25,1
DA:28,0
DA:29,0
DA:30,0
DA:33,0
DA:36,1
DA:37,0
DA:39,0
DA:40,0
DA:41,0
DA:44,1
DA:45,0
DA:46,0
DA:48,0
DA:52,0
DA:57,0
DA:60,0
DA:62,0
DA:63,0
DA:65,0
DA:66,0
DA:67,0
DA:68,0
DA:71,0
DA:73,0
DA:74,0
DA:80,0
DA:82,0
DA:83,0
DA:86,0
DA:89,0
DA:91,0
DA:92,0
DA:96,1
DA:98,0
DA:99,0
DA:101,0
DA:105,0
DA:107,0
DA:108,0
DA:109,0
DA:111,0
DA:112,0
DA:114,0
DA:115,0
DA:116,0
DA:122,0
DA:124,0
DA:125,0
DA:127,0
DA:134,1
DA:135,0
DA:136,0
DA:139,1
DA:141,0
DA:143,0
DA:144,0
DA:174,0
DA:176,0
DA:179,0
DA:180,0
DA:182,0
DA:183,0
DA:184,0
DA:187,0
DA:188,0
DA:191,0
DA:194,0
DA:196,0
DA:200,1
LF:84
LH:18
BRDA:14,0,0,1
BRDA:14,0,1,0
BRDA:14,1,0,1
BRDA:14,1,1,1
BRDA:28,2,0,0
BRDA:37,3,0,0
BRDA:44,4,0,1
BRDA:44,4,1,0
BRDA:44,5,0,1
BRDA:44,5,1,1
BRDA:89,6,0,0
BRDA:47,7,0,0
BRDA:47,7,1,0
BRDA:52,8,0,0
BRDA:52,9,0,0
BRDA:52,9,1,0
BRDA:52,9,2,0
BRDA:57,10,0,0
BRDA:57,10,1,0
BRDA:61,11,0,0
BRDA:61,11,1,0
BRDA:62,12,0,0
BRDA:67,13,0,0
BRDA:67,13,1,0
BRDA:68,14,0,0
BRDA:71,15,0,0
BRDA:71,15,1,0
BRDA:73,16,0,0
BRDA:98,17,0,0
BRDA:98,17,1,0
BRDA:100,18,0,0
BRDA:100,18,1,0
BRDA:111,19,0,0
BRDA:111,19,1,0
BRDA:114,20,0,0
BRDA:114,21,0,0
BRDA:114,21,1,0
BRDA:114,22,0,0
BRDA:114,22,1,0
BRDA:114,23,0,0
BRDA:114,23,1,0
BRDA:114,24,0,0
BRDA:114,24,1,0
BRDA:115,25,0,0
BRDA:135,26,0,0
BRDA:136,27,0,0
BRDA:136,27,1,0
BRDA:139,28,0,1
BRDA:139,28,1,0
BRDA:139,29,0,1
BRDA:139,29,1,1
BRDA:196,30,0,0
BRDA:176,31,0,0
BRDA:176,32,0,0
BRDA:176,32,1,0
BRDA:176,33,0,0
BRDA:176,33,1,0
BRDA:176,34,0,0
BRDA:176,34,1,0
BRDA:177,35,0,0
BRDA:177,35,1,0
BRDA:177,36,0,0
BRDA:177,36,1,0
BRDA:177,37,0,0
BRDA:177,37,1,0
BRDA:177,38,0,0
BRDA:177,38,1,0
BRDA:181,39,0,0
BRDA:181,39,1,0
BRDA:182,40,0,0
BRF:70
BRH:9
end_of_record
TN:
SF:src/constants/constant.ts
FNF:0
FNH:0
DA:1,2
DA:17,2
DA:27,2
DA:33,2
DA:41,2
DA:69,2
DA:76,2
DA:84,2
DA:92,2
DA:100,2
DA:106,2
DA:128,2
DA:140,2
DA:142,2
DA:147,2
LF:15
LH:15
BRF:0
BRH:0
end_of_record
TN:
SF:src/constants/requests.ts
FN:22,(anonymous_0)
FN:37,(anonymous_1)
FN:47,(anonymous_2)
FN:54,(anonymous_3)
FN:59,(anonymous_4)
FN:66,(anonymous_5)
FN:76,(anonymous_6)
FN:86,(anonymous_7)
FN:114,(anonymous_8)
FN:122,(anonymous_9)
FN:130,(anonymous_10)
FN:138,(anonymous_11)
FN:146,(anonymous_12)
FN:154,(anonymous_13)
FN:164,(anonymous_14)
FN:174,(anonymous_15)
FN:184,(anonymous_16)
FN:191,(anonymous_17)
FN:217,(anonymous_18)
FN:225,(anonymous_19)
FN:233,(anonymous_20)
FN:241,(anonymous_21)
FN:250,(anonymous_22)
FN:257,(anonymous_23)
FN:298,(anonymous_24)
FN:305,(anonymous_25)
FN:322,(anonymous_26)
FN:327,(anonymous_27)
FN:342,(anonymous_28)
FN:347,(anonymous_29)
FN:352,(anonymous_30)
FN:359,(anonymous_31)
FN:366,(anonymous_32)
FN:383,(anonymous_33)
FN:388,(anonymous_34)
FN:393,(anonymous_35)
FN:397,(anonymous_36)
FN:402,(anonymous_37)
FN:407,(anonymous_38)
FN:412,(anonymous_39)
FN:419,(anonymous_40)
FN:426,(anonymous_41)
FN:434,(anonymous_42)
FN:442,(anonymous_43)
FN:451,(anonymous_44)
FN:459,(anonymous_45)
FN:468,(anonymous_46)
FN:476,(anonymous_47)
FN:485,(anonymous_48)
FN:492,(anonymous_49)
FN:500,(anonymous_50)
FN:508,(anonymous_51)
FN:516,(anonymous_52)
FN:525,(anonymous_53)
FN:533,(anonymous_54)
FN:541,(anonymous_55)
FN:551,(anonymous_56)
FN:561,(anonymous_57)
FN:576,(anonymous_58)
FN:588,(anonymous_59)
FN:594,(anonymous_60)
FN:602,(anonymous_61)
FN:610,(anonymous_62)
FN:615,(anonymous_63)
FN:623,(anonymous_64)
FN:631,(anonymous_65)
FN:636,(anonymous_66)
FN:644,(anonymous_67)
FN:652,(anonymous_68)
FN:661,(anonymous_69)
FN:671,(anonymous_70)
FN:679,(anonymous_71)
FN:687,(anonymous_72)
FN:697,(anonymous_73)
FN:705,(anonymous_74)
FN:719,(anonymous_75)
FN:728,(anonymous_76)
FN:737,(anonymous_77)
FN:747,(anonymous_78)
FN:756,(anonymous_79)
FN:767,(anonymous_80)
FN:776,(anonymous_81)
FN:785,(anonymous_82)
FN:794,(anonymous_83)
FN:803,(anonymous_84)
FN:812,(anonymous_85)
FN:822,(anonymous_86)
FN:831,(anonymous_87)
FN:836,(anonymous_88)
FN:841,(anonymous_89)
FN:846,(anonymous_90)
FN:851,(anonymous_91)
FN:856,(anonymous_92)
FN:861,(anonymous_93)
FN:867,(anonymous_94)
FN:875,(anonymous_95)
FN:880,(anonymous_96)
FN:889,(anonymous_97)
FN:894,(anonymous_98)
FN:903,(anonymous_99)
FN:911,(anonymous_100)
FN:924,(anonymous_101)
FN:933,(anonymous_102)
FN:942,(anonymous_103)
FN:950,(anonymous_104)
FN:959,(anonymous_105)
FN:966,(anonymous_106)
FN:978,(anonymous_107)
FN:983,(anonymous_108)
FN:988,(anonymous_109)
FN:1004,(anonymous_110)
FN:1013,(anonymous_111)
FN:1022,(anonymous_112)
FN:1028,(anonymous_113)
FN:1037,(anonymous_114)
FN:1043,(anonymous_115)
FN:1049,(anonymous_116)
FN:1059,(anonymous_117)
FN:1064,(anonymous_118)
FN:1072,(anonymous_119)
FN:1080,(anonymous_120)
FN:1087,(anonymous_121)
FN:1093,(anonymous_122)
FN:1098,(anonymous_123)
FN:1106,(anonymous_124)
FN:1111,(anonymous_125)
FN:1116,(anonymous_126)
FN:1121,(anonymous_127)
FN:1126,(anonymous_128)
FN:1134,(anonymous_129)
FN:1143,(anonymous_130)
FN:1151,(anonymous_131)
FN:1161,(anonymous_132)
FN:1169,(anonymous_133)
FN:1179,(anonymous_134)
FN:1197,(anonymous_135)
FN:1206,(anonymous_136)
FN:1216,(anonymous_137)
FN:1225,(anonymous_138)
FN:1234,(anonymous_139)
FN:1244,(anonymous_140)
FN:1254,(anonymous_141)
FN:1264,(anonymous_142)
FN:1274,(anonymous_143)
FN:1282,(anonymous_144)
FN:1287,(anonymous_145)
FN:1296,(anonymous_146)
FN:1305,(anonymous_147)
FN:1313,(anonymous_148)
FN:1320,(anonymous_149)
FN:1329,(anonymous_150)
FN:1338,(anonymous_151)
FN:1348,(anonymous_152)
FN:1353,(anonymous_153)
FN:1358,(anonymous_154)
FN:1366,(anonymous_155)
FN:1374,(anonymous_156)
FN:1384,(anonymous_157)
FN:1394,(anonymous_158)
FN:1402,(anonymous_159)
FN:1411,(anonymous_160)
FN:1423,(anonymous_161)
FN:1431,(anonymous_162)
FN:1439,(anonymous_163)
FN:1447,(anonymous_164)
FN:1452,(anonymous_165)
FN:1459,(anonymous_166)
FN:1476,(anonymous_167)
FN:1481,(anonymous_168)
FN:1496,(anonymous_169)
FN:1501,(anonymous_170)
FN:1511,(anonymous_171)
FN:1516,(anonymous_172)
FN:1531,(anonymous_173)
FN:1548,(anonymous_174)
FN:1560,(anonymous_175)
FN:1567,(anonymous_176)
FN:1572,(anonymous_177)
FN:1577,(anonymous_178)
FN:1586,(anonymous_179)
FN:1591,(anonymous_180)
FN:1600,(anonymous_181)
FN:1609,(anonymous_182)
FN:1618,(anonymous_183)
FN:1627,(anonymous_184)
FN:1636,(anonymous_185)
FN:1645,(anonymous_186)
FN:1650,(anonymous_187)
FN:1659,(anonymous_188)
FN:1664,(anonymous_189)
FN:1671,(anonymous_190)
FN:1684,(anonymous_191)
FN:1692,(anonymous_192)
FNF:193
FNH:1
FNDA:0,(anonymous_0)
FNDA:0,(anonymous_1)
FNDA:0,(anonymous_2)
FNDA:0,(anonymous_3)
FNDA:0,(anonymous_4)
FNDA:0,(anonymous_5)
FNDA:0,(anonymous_6)
FNDA:0,(anonymous_7)
FNDA:0,(anonymous_8)
FNDA:0,(anonymous_9)
FNDA:0,(anonymous_10)
FNDA:0,(anonymous_11)
FNDA:0,(anonymous_12)
FNDA:0,(anonymous_13)
FNDA:0,(anonymous_14)
FNDA:0,(anonymous_15)
FNDA:0,(anonymous_16)
FNDA:0,(anonymous_17)
FNDA:0,(anonymous_18)
FNDA:0,(anonymous_19)
FNDA:0,(anonymous_20)
FNDA:0,(anonymous_21)
FNDA:0,(anonymous_22)
FNDA:0,(anonymous_23)
FNDA:0,(anonymous_24)
FNDA:0,(anonymous_25)
FNDA:0,(anonymous_26)
FNDA:0,(anonymous_27)
FNDA:0,(anonymous_28)
FNDA:0,(anonymous_29)
FNDA:0,(anonymous_30)
FNDA:0,(anonymous_31)
FNDA:0,(anonymous_32)
FNDA:0,(anonymous_33)
FNDA:0,(anonymous_34)
FNDA:0,(anonymous_35)
FNDA:0,(anonymous_36)
FNDA:0,(anonymous_37)
FNDA:0,(anonymous_38)
FNDA:0,(anonymous_39)
FNDA:0,(anonymous_40)
FNDA:0,(anonymous_41)
FNDA:0,(anonymous_42)
FNDA:0,(anonymous_43)
FNDA:0,(anonymous_44)
FNDA:0,(anonymous_45)
FNDA:0,(anonymous_46)
FNDA:0,(anonymous_47)
FNDA:0,(anonymous_48)
FNDA:0,(anonymous_49)
FNDA:0,(anonymous_50)
FNDA:0,(anonymous_51)
FNDA:0,(anonymous_52)
FNDA:0,(anonymous_53)
FNDA:0,(anonymous_54)
FNDA:0,(anonymous_55)
FNDA:0,(anonymous_56)
FNDA:0,(anonymous_57)
FNDA:0,(anonymous_58)
FNDA:0,(anonymous_59)
FNDA:0,(anonymous_60)
FNDA:0,(anonymous_61)
FNDA:0,(anonymous_62)
FNDA:0,(anonymous_63)
FNDA:0,(anonymous_64)
FNDA:0,(anonymous_65)
FNDA:0,(anonymous_66)
FNDA:0,(anonymous_67)
FNDA:0,(anonymous_68)
FNDA:0,(anonymous_69)
FNDA:0,(anonymous_70)
FNDA:0,(anonymous_71)
FNDA:0,(anonymous_72)
FNDA:0,(anonymous_73)
FNDA:0,(anonymous_74)
FNDA:0,(anonymous_75)
FNDA:0,(anonymous_76)
FNDA:0,(anonymous_77)
FNDA:0,(anonymous_78)
FNDA:0,(anonymous_79)
FNDA:0,(anonymous_80)
FNDA:0,(anonymous_81)
FNDA:0,(anonymous_82)
FNDA:0,(anonymous_83)
FNDA:0,(anonymous_84)
FNDA:0,(anonymous_85)
FNDA:0,(anonymous_86)
FNDA:0,(anonymous_87)
FNDA:0,(anonymous_88)
FNDA:0,(anonymous_89)
FNDA:0,(anonymous_90)
FNDA:0,(anonymous_91)
FNDA:0,(anonymous_92)
FNDA:0,(anonymous_93)
FNDA:0,(anonymous_94)
FNDA:0,(anonymous_95)
FNDA:0,(anonymous_96)
FNDA:0,(anonymous_97)
FNDA:0,(anonymous_98)
FNDA:0,(anonymous_99)
FNDA:0,(anonymous_100)
FNDA:0,(anonymous_101)
FNDA:0,(anonymous_102)
FNDA:0,(anonymous_103)
FNDA:0,(anonymous_104)
FNDA:0,(anonymous_105)
FNDA:0,(anonymous_106)
FNDA:0,(anonymous_107)
FNDA:0,(anonymous_108)
FNDA:0,(anonymous_109)
FNDA:0,(anonymous_110)
FNDA:0,(anonymous_111)
FNDA:0,(anonymous_112)
FNDA:0,(anonymous_113)
FNDA:0,(anonymous_114)
FNDA:0,(anonymous_115)
FNDA:0,(anonymous_116)
FNDA:0,(anonymous_117)
FNDA:0,(anonymous_118)
FNDA:0,(anonymous_119)
FNDA:0,(anonymous_120)
FNDA:0,(anonymous_121)
FNDA:0,(anonymous_122)
FNDA:0,(anonymous_123)
FNDA:0,(anonymous_124)
FNDA:0,(anonymous_125)
FNDA:0,(anonymous_126)
FNDA:0,(anonymous_127)
FNDA:0,(anonymous_128)
FNDA:0,(anonymous_129)
FNDA:0,(anonymous_130)
FNDA:0,(anonymous_131)
FNDA:0,(anonymous_132)
FNDA:0,(anonymous_133)
FNDA:0,(anonymous_134)
FNDA:0,(anonymous_135)
FNDA:0,(anonymous_136)
FNDA:0,(anonymous_137)
FNDA:0,(anonymous_138)
FNDA:0,(anonymous_139)
FNDA:0,(anonymous_140)
FNDA:0,(anonymous_141)
FNDA:0,(anonymous_142)
FNDA:0,(anonymous_143)
FNDA:0,(anonymous_144)
FNDA:0,(anonymous_145)
FNDA:0,(anonymous_146)
FNDA:0,(anonymous_147)
FNDA:0,(anonymous_148)
FNDA:0,(anonymous_149)
FNDA:0,(anonymous_150)
FNDA:0,(anonymous_151)
FNDA:0,(anonymous_152)
FNDA:0,(anonymous_153)
FNDA:0,(anonymous_154)
FNDA:0,(anonymous_155)
FNDA:0,(anonymous_156)
FNDA:0,(anonymous_157)
FNDA:0,(anonymous_158)
FNDA:0,(anonymous_159)
FNDA:0,(anonymous_160)
FNDA:0,(anonymous_161)
FNDA:0,(anonymous_162)
FNDA:0,(anonymous_163)
FNDA:0,(anonymous_164)
FNDA:0,(anonymous_165)
FNDA:0,(anonymous_166)
FNDA:0,(anonymous_167)
FNDA:0,(anonymous_168)
FNDA:0,(anonymous_169)
FNDA:0,(anonymous_170)
FNDA:0,(anonymous_171)
FNDA:0,(anonymous_172)
FNDA:0,(anonymous_173)
FNDA:0,(anonymous_174)
FNDA:0,(anonymous_175)
FNDA:0,(anonymous_176)
FNDA:0,(anonymous_177)
FNDA:0,(anonymous_178)
FNDA:0,(anonymous_179)
FNDA:0,(anonymous_180)
FNDA:0,(anonymous_181)
FNDA:0,(anonymous_182)
FNDA:0,(anonymous_183)
FNDA:0,(anonymous_184)
FNDA:0,(anonymous_185)
FNDA:3,(anonymous_186)
FNDA:0,(anonymous_187)
FNDA:0,(anonymous_188)
FNDA:0,(anonymous_189)
FNDA:0,(anonymous_190)
FNDA:0,(anonymous_191)
FNDA:0,(anonymous_192)
DA:6,3
DA:12,3
DA:22,3
DA:27,3
DA:32,3
DA:37,3
DA:47,3
DA:49,0
DA:54,3
DA:59,3
DA:61,0
DA:66,3
DA:71,3
DA:76,3
DA:80,0
DA:86,3
DA:88,0
DA:93,3
DA:98,3
DA:103,3
DA:108,3
DA:114,3
DA:117,0
DA:122,3
DA:125,0
DA:130,3
DA:133,0
DA:138,3
DA:142,0
DA:146,3
DA:149,0
DA:154,3
DA:159,0
DA:164,3
DA:168,0
DA:174,3
DA:178,0
DA:184,3
DA:186,0
DA:191,3
DA:193,0
DA:198,3
DA:202,3
DA:212,3
DA:217,3
DA:220,0
DA:225,3
DA:228,0
DA:233,3
DA:236,0
DA:241,3
DA:245,0
DA:250,3
DA:252,0
DA:257,3
DA:260,0
DA:265,3
DA:269,3
DA:273,3
DA:278,3
DA:283,3
DA:288,3
DA:293,3
DA:298,3
DA:300,0
DA:305,3
DA:307,0
DA:312,3
DA:317,3
DA:322,3
DA:327,3
DA:332,3
DA:337,3
DA:342,3
DA:347,3
DA:352,3
DA:354,0
DA:359,3
DA:361,0
DA:366,3
DA:368,0
DA:373,3
DA:378,3
DA:383,3
DA:388,3
DA:393,3
DA:397,3
DA:402,3
DA:407,3
DA:412,3
DA:414,0
DA:419,3
DA:421,0
DA:426,3
DA:428,0
DA:434,3
DA:437,0
DA:442,3
DA:446,0
DA:451,3
DA:454,0
DA:459,3
DA:463,0
DA:468,3
DA:471,0
DA:476,3
DA:480,0
DA:485,3
DA:487,0
DA:492,3
DA:495,0
DA:500,3
DA:503,0
DA:508,3
DA:511,0
DA:516,3
DA:520,0
DA:525,3
DA:528,0
DA:533,3
DA:536,0
DA:541,3
DA:546,0
DA:551,3
DA:555,0
DA:561,3
DA:565,0
DA:571,3
DA:576,3
DA:582,3
DA:588,3
DA:594,3
DA:597,0
DA:602,3
DA:605,0
DA:610,3
DA:615,3
DA:618,0
DA:623,3
DA:626,0
DA:631,3
DA:636,3
DA:639,0
DA:644,3
DA:647,0
DA:652,3
DA:656,0
DA:661,3
DA:665,0
DA:671,3
DA:674,0
DA:679,3
DA:682,0
DA:687,3
DA:691,0
DA:697,3
DA:700,0
DA:705,3
DA:709,0
DA:714,3
DA:719,3
DA:723,0
DA:728,3
DA:732,0
DA:737,3
DA:742,0
DA:747,3
DA:751,0
DA:756,3
DA:760,0
DA:767,3
DA:771,0
DA:776,3
DA:780,0
DA:785,3
DA:789,0
DA:794,3
DA:798,0
DA:803,3
DA:807,0
DA:812,3
DA:816,0
DA:822,3
DA:827,3
DA:831,3
DA:836,3
DA:841,3
DA:846,3
DA:851,3
DA:856,3
DA:861,3
DA:867,3
DA:870,0
DA:875,3
DA:880,3
DA:884,0
DA:889,3
DA:894,3
DA:897,0
DA:903,3
DA:906,0
DA:911,3
DA:914,0
DA:919,3
DA:924,3
DA:928,0
DA:933,3
DA:937,0
DA:942,3
DA:945,0
DA:950,3
DA:953,0
DA:959,3
DA:961,0
DA:966,3
DA:968,0
DA:973,3
DA:978,3
DA:983,3
DA:988,3
DA:994,0
DA:1004,3
DA:1008,0
DA:1013,3
DA:1017,0
DA:1022,3
DA:1028,3
DA:1030,0
DA:1037,3
DA:1043,3
DA:1049,3
DA:1053,0
DA:1059,3
DA:1064,3
DA:1067,0
DA:1072,3
DA:1075,0
DA:1080,3
DA:1082,0
DA:1087,3
DA:1089,0
DA:1093,3
DA:1098,3
DA:1101,0
DA:1106,3
DA:1111,3
DA:1116,3
DA:1121,3
DA:1126,3
DA:1129,0
DA:1134,3
DA:1137,0
DA:1143,3
DA:1146,0
DA:1151,3
DA:1155,0
DA:1161,3
DA:1163,0
DA:1169,3
DA:1173,0
DA:1179,3
DA:1182,0
DA:1197,3
DA:1200,0
DA:1206,3
DA:1210,0
DA:1216,3
DA:1219,0
DA:1225,3
DA:1228,0
DA:1234,3
DA:1238,0
DA:1244,3
DA:1248,0
DA:1254,3
DA:1258,0
DA:1264,3
DA:1269,0
DA:1274,3
DA:1277,0
DA:1282,3
DA:1287,3
DA:1291,0
DA:1296,3
DA:1300,0
DA:1305,3
DA:1308,0
DA:1313,3
DA:1315,0
DA:1320,3
DA:1324,0
DA:1329,3
DA:1333,0
DA:1338,3
DA:1342,0
DA:1348,3
DA:1353,3
DA:1358,3
DA:1361,0
DA:1366,3
DA:1369,0
DA:1374,3
DA:1378,0
DA:1384,3
DA:1389,3
DA:1394,3
DA:1397,0
DA:1402,3
DA:1405,0
DA:1411,3
DA:1413,0
DA:1418,3
DA:1423,3
DA:1426,0
DA:1431,3
DA:1433,0
DA:1439,3
DA:1442,0
DA:1447,3
DA:1452,3
DA:1454,0
DA:1459,3
DA:1461,0
DA:1466,3
DA:1471,3
DA:1476,3
DA:1481,3
DA:1486,3
DA:1491,3
DA:1496,3
DA:1501,3
DA:1506,3
DA:1511,3
DA:1516,3
DA:1521,3
DA:1526,3
DA:1531,3
DA:1533,0
DA:1538,3
DA:1543,3
DA:1548,3
DA:1550,0
DA:1555,3
DA:1560,3
DA:1562,0
DA:1567,3
DA:1572,3
DA:1577,3
DA:1580,0
DA:1586,3
DA:1591,3
DA:1595,0
DA:1600,3
DA:1604,0
DA:1609,3
DA:1613,0
DA:1618,3
DA:1622,0
DA:1627,3
DA:1631,0
DA:1636,3
DA:1640,0
DA:1645,3
DA:1650,3
DA:1654,0
DA:1659,3
DA:1664,3
DA:1666,0
DA:1671,3
DA:1674,0
DA:1679,3
DA:1684,3
DA:1687,0
DA:1692,3
LF:374
LH:237
BRDA:885,0,0,0
BRDA:885,0,1,0
BRDA:998,1,0,0
BRDA:998,1,1,0
BRDA:998,2,0,0
BRDA:998,2,1,0
BRF:6
BRH:0
end_of_record
TN:
SF:src/constants/styles.ts
FNF:0
FNH:0
DA:1,1
DA:4,1
DA:8,1
LF:3
LH:3
BRF:0
BRH:0
end_of_record
TN:
SF:src/contexts/CommonTypeContainer.tsx
FN:42,(anonymous_16)
FN:68,(anonymous_17)
FN:85,(anonymous_20)
FN:102,(anonymous_23)
FN:119,(anonymous_26)
FN:128,(anonymous_29)
FN:141,(anonymous_30)
FN:160,(anonymous_33)
FN:177,(anonymous_36)
FN:195,(anonymous_39)
FN:212,(anonymous_42)
FN:229,(anonymous_45)
FN:244,(anonymous_48)
FN:259,(anonymous_51)
FN:276,(anonymous_54)
FN:286,(anonymous_57)
FN:298,(anonymous_60)
FN:310,(anonymous_63)
FN:315,(anonymous_66)
FN:333,(anonymous_67)
FN:350,(anonymous_70)
FN:361,(anonymous_73)
FN:381,(anonymous_74)
FNF:23
FNH:2
FNDA:3,(anonymous_16)
FNDA:0,(anonymous_17)
FNDA:0,(anonymous_20)
FNDA:0,(anonymous_23)
FNDA:0,(anonymous_26)
FNDA:0,(anonymous_29)
FNDA:0,(anonymous_30)
FNDA:0,(anonymous_33)
FNDA:0,(anonymous_36)
FNDA:0,(anonymous_39)
FNDA:0,(anonymous_42)
FNDA:0,(anonymous_45)
FNDA:0,(anonymous_48)
FNDA:0,(anonymous_51)
FNDA:0,(anonymous_54)
FNDA:0,(anonymous_57)
FNDA:0,(anonymous_60)
FNDA:0,(anonymous_63)
FNDA:0,(anonymous_66)
FNDA:0,(anonymous_67)
FNDA:0,(anonymous_70)
FNDA:0,(anonymous_73)
FNDA:3,(anonymous_74)
DA:1,1
DA:2,1
DA:19,1
DA:35,1
DA:36,1
DA:37,1
DA:38,1
DA:39,1
DA:40,1
DA:42,1
DA:43,3
DA:44,3
DA:45,3
DA:46,3
DA:47,3
DA:48,3
DA:49,3
DA:50,3
DA:51,3
DA:52,3
DA:53,3
DA:54,3
DA:58,3
DA:59,3
DA:60,3
DA:61,3
DA:62,3
DA:63,3
DA:64,3
DA:65,3
DA:66,3
DA:68,3
DA:69,0
DA:71,0
DA:77,0
DA:78,0
DA:81,0
DA:85,3
DA:86,0
DA:88,0
DA:94,0
DA:95,0
DA:98,0
DA:102,3
DA:103,0
DA:105,0
DA:111,0
DA:112,0
DA:115,0
DA:119,3
DA:120,0
DA:122,0
DA:128,0
DA:129,0
DA:134,0
DA:136,0
DA:137,0
DA:141,3
DA:142,0
DA:145,0
DA:152,0
DA:153,0
DA:156,0
DA:160,3
DA:161,0
DA:163,0
DA:170,0
DA:171,0
DA:174,0
DA:177,3
DA:178,0
DA:180,0
DA:187,0
DA:188,0
DA:191,0
DA:195,3
DA:196,0
DA:198,0
DA:205,0
DA:206,0
DA:209,0
DA:212,3
DA:214,0
DA:221,0
DA:222,0
DA:224,0
DA:225,0
DA:229,3
DA:231,0
DA:236,0
DA:237,0
DA:239,0
DA:240,0
DA:244,3
DA:245,0
DA:247,0
DA:251,0
DA:252,0
DA:255,0
DA:259,3
DA:260,0
DA:262,0
DA:266,0
DA:267,0
DA:268,0
DA:270,0
DA:272,0
DA:276,3
DA:278,0
DA:279,0
DA:280,0
DA:282,0
DA:286,3
DA:288,0
DA:292,0
DA:294,0
DA:298,3
DA:300,0
DA:304,0
DA:306,0
DA:310,3
DA:312,0
DA:313,0
DA:314,0
DA:315,0
DA:316,0
DA:323,0
DA:324,0
DA:329,0
DA:333,3
DA:335,0
DA:336,0
DA:337,0
DA:338,0
DA:343,0
DA:346,0
DA:350,3
DA:352,0
DA:353,0
DA:354,0
DA:357,0
DA:361,3
DA:362,0
DA:363,0
DA:364,0
DA:365,0
DA:366,0
DA:367,0
DA:368,0
DA:369,0
DA:370,0
DA:371,0
DA:372,0
DA:373,0
DA:374,0
DA:375,0
DA:376,0
DA:377,0
DA:378,0
DA:381,3
DA:382,3
DA:383,0
DA:384,0
DA:385,0
DA:386,0
DA:387,0
DA:388,0
DA:389,0
DA:390,0
DA:391,0
DA:392,0
DA:393,0
DA:394,0
DA:395,0
DA:396,0
DA:397,0
DA:398,0
DA:399,0
DA:400,0
DA:405,3
DA:445,1
DA:447,1
LF:182
LH:55
BRDA:267,0,0,0
BRDA:279,1,0,0
BRDA:279,1,1,0
BRDA:279,2,0,0
BRDA:279,2,1,0
BRDA:292,3,0,0
BRDA:292,3,1,0
BRDA:292,4,0,0
BRDA:292,4,1,0
BRDA:292,5,0,0
BRDA:292,5,1,0
BRDA:292,6,0,0
BRDA:292,6,1,0
BRDA:292,7,0,0
BRDA:292,7,1,0
BRDA:313,8,0,0
BRDA:314,9,0,0
BRDA:314,9,1,0
BRDA:314,10,0,0
BRDA:314,10,1,0
BRDA:317,11,0,0
BRDA:317,11,1,0
BRDA:317,12,0,0
BRDA:317,12,1,0
BRDA:318,13,0,0
BRDA:318,13,1,0
BRDA:318,14,0,0
BRDA:318,14,1,0
BRDA:319,15,0,0
BRDA:319,15,1,0
BRDA:319,16,0,0
BRDA:319,16,1,0
BRDA:320,17,0,0
BRDA:320,17,1,0
BRDA:320,18,0,0
BRDA:320,18,1,0
BRDA:323,19,0,0
BRDA:335,20,0,0
BRDA:337,21,0,0
BRDA:339,22,0,0
BRDA:339,22,1,0
BRDA:339,23,0,0
BRDA:339,23,1,0
BRDA:339,24,0,0
BRDA:339,24,1,0
BRDA:339,25,0,0
BRDA:339,25,1,0
BRDA:340,26,0,0
BRDA:340,26,1,0
BRDA:340,27,0,0
BRDA:340,27,1,0
BRDA:341,28,0,0
BRDA:341,28,1,0
BRDA:341,29,0,0
BRDA:341,29,1,0
BRDA:353,30,0,0
BRDA:382,31,0,0
BRF:57
BRH:0
end_of_record
TN:
SF:src/contexts/NotifContainer.ts
FN:13,(anonymous_14)
FN:38,(anonymous_15)
FN:39,(anonymous_16)
FN:43,(anonymous_17)
FN:47,(anonymous_18)
FN:48,(anonymous_19)
FN:55,(anonymous_20)
FN:60,(anonymous_21)
FN:60,(anonymous_22)
FN:68,(anonymous_24)
FN:68,(anonymous_25)
FN:76,(anonymous_27)
FN:76,(anonymous_28)
FN:81,(anonymous_30)
FN:96,(anonymous_33)
FN:113,(anonymous_34)
FNF:16
FNH:7
FNDA:4,(anonymous_14)
FNDA:3,(anonymous_15)
FNDA:0,(anonymous_16)
FNDA:3,(anonymous_17)
FNDA:3,(anonymous_18)
FNDA:0,(anonymous_19)
FNDA:3,(anonymous_20)
FNDA:0,(anonymous_21)
FNDA:0,(anonymous_22)
FNDA:0,(anonymous_24)
FNDA:0,(anonymous_25)
FNDA:0,(anonymous_27)
FNDA:0,(anonymous_28)
FNDA:6,(anonymous_30)
FNDA:0,(anonymous_33)
FNDA:3,(anonymous_34)
DA:1,1
DA:2,1
DA:4,1
DA:10,1
DA:11,1
DA:13,1
DA:14,4
DA:16,4
DA:17,4
DA:18,4
DA:19,4
DA:20,4
DA:38,4
DA:39,3
DA:40,0
DA:43,3
DA:44,3
DA:47,4
DA:48,3
DA:49,0
DA:50,0
DA:51,0
DA:52,0
DA:55,3
DA:56,3
DA:60,4
DA:61,0
DA:62,0
DA:63,0
DA:64,0
DA:68,4
DA:69,0
DA:70,0
DA:71,0
DA:72,0
DA:76,4
DA:77,0
DA:78,0
DA:81,7
DA:82,3
DA:83,3
DA:84,0
DA:85,0
DA:86,0
DA:87,0
DA:88,0
DA:89,0
DA:96,0
DA:97,0
DA:98,0
DA:100,0
DA:101,0
DA:102,0
DA:107,3
DA:108,3
DA:109,3
DA:113,4
DA:114,3
DA:125,4
DA:142,1
DA:144,1
LF:61
LH:34
BRDA:61,0,0,0
BRDA:62,1,0,0
BRDA:62,1,1,0
BRDA:62,2,0,0
BRDA:62,2,1,0
BRDA:63,3,0,0
BRDA:63,4,0,0
BRDA:63,4,1,0
BRDA:63,5,0,0
BRDA:63,5,1,0
BRDA:69,6,0,0
BRDA:70,7,0,0
BRDA:70,7,1,0
BRDA:70,8,0,0
BRDA:70,8,1,0
BRDA:71,9,0,0
BRDA:77,10,0,0
BRDA:82,11,0,3
BRDA:83,12,0,0
BRDA:83,12,1,3
BRDA:83,13,0,3
BRDA:83,13,1,0
BRDA:83,14,0,3
BRDA:83,14,1,0
BRDA:88,15,0,0
BRDA:88,16,0,0
BRDA:88,16,1,0
BRDA:90,17,0,0
BRDA:90,17,1,0
BRDA:90,18,0,0
BRDA:90,18,1,0
BRDA:97,19,0,0
BRDA:97,19,1,0
BRDA:97,20,0,0
BRDA:97,20,1,0
BRDA:97,21,0,0
BRDA:97,21,1,0
BRDA:97,22,0,0
BRDA:97,22,1,0
BRDA:97,23,0,0
BRDA:97,23,1,0
BRDA:97,24,0,0
BRDA:97,24,1,0
BRDA:97,25,0,0
BRDA:97,25,1,0
BRDA:97,26,0,0
BRDA:97,26,1,0
BRDA:97,27,0,0
BRDA:97,27,1,0
BRDA:97,28,0,0
BRDA:97,28,1,0
BRF:51
BRH:4
end_of_record
TN:
SF:src/pages/Auth/Login.tsx
FN:44,(anonymous_22)
FN:59,(anonymous_23)
FN:70,(anonymous_24)
FN:74,(anonymous_25)
FN:92,(anonymous_28)
FN:92,(anonymous_29)
FN:100,(anonymous_31)
FN:100,(anonymous_32)
FN:120,(anonymous_34)
FN:128,(anonymous_37)
FN:135,(anonymous_38)
FN:142,(anonymous_41)
FN:159,(anonymous_42)
FN:159,(anonymous_43)
FN:299,(anonymous_45)
FN:319,(anonymous_46)
FN:319,(anonymous_47)
FN:321,(anonymous_48)
FN:325,(anonymous_49)
FN:367,(anonymous_50)
FN:391,(anonymous_51)
FN:415,(anonymous_52)
FNF:22
FNH:12
FNDA:7,(anonymous_22)
FNDA:0,(anonymous_23)
FNDA:3,(anonymous_24)
FNDA:8,(anonymous_25)
FNDA:2,(anonymous_28)
FNDA:2,(anonymous_29)
FNDA:1,(anonymous_31)
FNDA:1,(anonymous_32)
FNDA:0,(anonymous_34)
FNDA:0,(anonymous_37)
FNDA:6,(anonymous_38)
FNDA:0,(anonymous_41)
FNDA:0,(anonymous_42)
FNDA:0,(anonymous_43)
FNDA:0,(anonymous_45)
FNDA:0,(anonymous_46)
FNDA:0,(anonymous_47)
FNDA:0,(anonymous_48)
FNDA:3,(anonymous_49)
FNDA:2,(anonymous_50)
FNDA:1,(anonymous_51)
FNDA:1,(anonymous_52)
DA:1,1
DA:15,1
DA:16,1
DA:17,1
DA:18,1
DA:19,1
DA:20,1
DA:21,1
DA:22,1
DA:27,1
DA:28,1
DA:29,1
DA:30,1
DA:31,1
DA:32,1
DA:33,1
DA:34,1
DA:35,1
DA:36,1
DA:37,1
DA:38,1
DA:39,1
DA:40,1
DA:42,1
DA:44,1
DA:45,7
DA:46,7
DA:47,7
DA:48,7
DA:50,7
DA:51,7
DA:52,7
DA:53,7
DA:54,7
DA:55,7
DA:56,7
DA:59,7
DA:70,7
DA:71,3
DA:74,11
DA:76,4
DA:79,0
DA:80,0
DA:81,0
DA:83,0
DA:84,0
DA:87,4
DA:88,4
DA:92,7
DA:93,2
DA:94,1
DA:95,1
DA:97,2
DA:100,7
DA:101,1
DA:102,1
DA:103,2
DA:106,1
DA:107,0
DA:108,0
DA:109,0
DA:110,0
DA:111,0
DA:113,0
DA:116,1
DA:120,7
DA:121,0
DA:122,0
DA:123,0
DA:124,0
DA:125,0
DA:128,7
DA:129,0
DA:135,10
DA:136,3
DA:137,3
DA:138,0
DA:142,7
DA:143,0
DA:144,0
DA:145,0
DA:146,0
DA:147,0
DA:148,0
DA:149,0
DA:150,0
DA:152,0
DA:155,0
DA:159,7
DA:161,0
DA:163,0
DA:164,0
DA:166,0
DA:167,0
DA:172,0
DA:173,0
DA:174,0
DA:175,0
DA:176,0
DA:182,0
DA:185,0
DA:187,0
DA:191,0
DA:195,0
DA:196,0
DA:201,0
DA:202,0
DA:204,0
DA:209,0
DA:210,0
DA:211,0
DA:216,0
DA:217,0
DA:218,0
DA:220,0
DA:221,0
DA:223,0
DA:224,0
DA:225,0
DA:227,0
DA:228,0
DA:229,0
DA:231,0
DA:232,0
DA:233,0
DA:235,0
DA:236,0
DA:237,0
DA:239,0
DA:240,0
DA:241,0
DA:243,0
DA:244,0
DA:246,0
DA:249,0
DA:250,0
DA:252,0
DA:256,0
DA:257,0
DA:259,0
DA:278,0
DA:280,0
DA:282,0
DA:283,0
DA:284,0
DA:287,0
DA:288,0
DA:289,0
DA:290,0
DA:291,0
DA:293,0
DA:299,7
DA:300,0
DA:301,0
DA:303,0
DA:304,0
DA:306,0
DA:307,0
DA:309,0
DA:310,0
DA:312,0
DA:313,0
DA:316,0
DA:319,7
DA:321,7
DA:322,0
DA:325,7
DA:327,3
DA:329,3
DA:330,3
DA:331,0
DA:332,0
DA:335,0
DA:336,0
DA:338,0
DA:339,0
DA:341,0
DA:342,0
DA:344,0
DA:345,0
DA:347,0
DA:348,0
DA:350,0
DA:351,0
DA:353,0
DA:354,0
DA:356,0
DA:360,3
DA:363,7
DA:368,2
DA:369,2
DA:394,1
DA:418,1
DA:462,1
DA:476,1
LF:195
LH:76
BRDA:79,0,0,0
BRDA:93,1,0,1
BRDA:93,2,0,2
BRDA:93,2,1,1
BRDA:101,3,0,0
BRDA:106,4,0,0
BRDA:106,4,1,1
BRDA:110,5,0,0
BRDA:110,5,1,0
BRDA:123,6,0,0
BRDA:123,6,1,0
BRDA:123,7,0,0
BRDA:123,7,1,0
BRDA:124,8,0,0
BRDA:124,8,1,0
BRDA:124,9,0,0
BRDA:124,9,1,0
BRDA:124,10,0,0
BRDA:124,10,1,0
BRDA:136,11,0,3
BRDA:137,12,0,0
BRDA:138,13,0,0
BRDA:138,13,1,0
BRDA:138,14,0,0
BRDA:138,14,1,0
BRDA:138,15,0,0
BRDA:138,15,1,0
BRDA:138,16,0,0
BRDA:138,16,1,0
BRDA:146,17,0,0
BRDA:146,17,1,0
BRDA:166,18,0,0
BRDA:172,19,0,0
BRDA:172,20,0,0
BRDA:172,20,1,0
BRDA:173,21,0,0
BRDA:173,21,1,0
BRDA:173,22,0,0
BRDA:173,22,1,0
BRDA:173,23,0,0
BRDA:173,23,1,0
BRDA:175,24,0,0
BRDA:189,25,0,0
BRDA:189,25,1,0
BRDA:189,26,0,0
BRDA:189,26,1,0
BRDA:189,27,0,0
BRDA:189,27,1,0
BRDA:193,28,0,0
BRDA:193,28,1,0
BRDA:193,29,0,0
BRDA:193,29,1,0
BRDA:193,30,0,0
BRDA:193,30,1,0
BRDA:195,31,0,0
BRDA:195,31,1,0
BRDA:195,32,0,0
BRDA:195,32,1,0
BRDA:195,33,0,0
BRDA:195,33,1,0
BRDA:198,34,0,0
BRDA:198,34,1,0
BRDA:198,35,0,0
BRDA:198,35,1,0
BRDA:198,36,0,0
BRDA:198,36,1,0
BRDA:201,37,0,0
BRDA:201,37,1,0
BRDA:201,38,0,0
BRDA:201,38,1,0
BRDA:201,39,0,0
BRDA:201,39,1,0
BRDA:209,40,0,0
BRDA:209,40,1,0
BRDA:209,41,0,0
BRDA:209,41,1,0
BRDA:213,42,0,0
BRDA:213,42,1,0
BRDA:217,43,0,0
BRDA:217,43,1,0
BRDA:218,44,0,0
BRDA:218,44,1,0
BRDA:218,45,0,0
BRDA:218,45,1,0
BRDA:221,46,0,0
BRDA:221,46,1,0
BRDA:221,46,2,0
BRDA:221,46,3,0
BRDA:221,46,4,0
BRDA:221,46,5,0
BRDA:283,47,0,0
BRDA:283,47,1,0
BRDA:287,48,0,0
BRDA:287,49,0,0
BRDA:287,49,1,0
BRDA:287,50,0,0
BRDA:287,50,1,0
BRDA:289,51,0,0
BRDA:289,52,0,0
BRDA:289,52,1,0
BRDA:301,53,0,0
BRDA:301,53,1,0
BRDA:301,53,2,0
BRDA:301,53,3,0
BRDA:327,54,0,3
BRDA:327,54,1,3
BRDA:329,55,0,3
BRDA:329,55,1,3
BRDA:330,56,0,0
BRDA:335,57,0,0
BRDA:335,57,1,0
BRDA:339,58,0,0
BRDA:339,58,1,0
BRDA:339,58,2,0
BRDA:339,58,3,0
BRDA:339,58,4,0
BRDA:339,58,5,0
BRDA:404,59,0,0
BRDA:404,59,1,7
BRDA:410,60,0,0
BRDA:410,60,1,7
BRDA:439,61,0,7
BRDA:439,61,1,2
BRF:123
BRH:13
end_of_record
TN:
SF:src/setups/i18n.ts
FN:27,(anonymous_1)
FNF:1
FNH:0
FNDA:0,(anonymous_1)
DA:1,2
DA:2,2
DA:3,2
DA:4,2
DA:5,2
DA:7,2
DA:10,2
DA:13,2
DA:27,2
DA:28,0
DA:29,0
DA:32,2
LF:12
LH:10
BRDA:10,0,0,2
BRDA:10,0,1,2
BRF:2
BRH:2
end_of_record
TN:
SF:src/utils/utils.ts
FN:18,(anonymous_1)
FN:35,(anonymous_2)
FN:37,(anonymous_3)
FN:47,(anonymous_4)
FN:111,(anonymous_5)
FN:119,(anonymous_6)
FN:127,(anonymous_7)
FN:134,(anonymous_8)
FN:147,(anonymous_9)
FN:160,(anonymous_10)
FN:172,(anonymous_11)
FN:199,(anonymous_12)
FN:229,(anonymous_13)
FN:256,(anonymous_14)
FN:267,(anonymous_15)
FN:289,(anonymous_16)
FN:305,(anonymous_17)
FN:313,(anonymous_18)
FN:344,(anonymous_19)
FN:364,(anonymous_20)
FN:370,(anonymous_21)
FN:375,(anonymous_22)
FN:412,(anonymous_23)
FN:418,(anonymous_24)
FN:435,(anonymous_25)
FN:451,(anonymous_26)
FN:462,(anonymous_27)
FN:479,debounce
FN:485,(anonymous_29)
FN:489,(anonymous_30)
FNF:30
FNH:3
FNDA:11,(anonymous_1)
FNDA:0,(anonymous_2)
FNDA:0,(anonymous_3)
FNDA:0,(anonymous_4)
FNDA:0,(anonymous_5)
FNDA:0,(anonymous_6)
FNDA:0,(anonymous_7)
FNDA:0,(anonymous_8)
FNDA:0,(anonymous_9)
FNDA:0,(anonymous_10)
FNDA:0,(anonymous_11)
FNDA:0,(anonymous_12)
FNDA:0,(anonymous_13)
FNDA:0,(anonymous_14)
FNDA:0,(anonymous_15)
FNDA:0,(anonymous_16)
FNDA:0,(anonymous_17)
FNDA:0,(anonymous_18)
FNDA:0,(anonymous_19)
FNDA:0,(anonymous_20)
FNDA:0,(anonymous_21)
FNDA:0,(anonymous_22)
FNDA:0,(anonymous_23)
FNDA:21,(anonymous_24)
FNDA:1,(anonymous_25)
FNDA:0,(anonymous_26)
FNDA:0,(anonymous_27)
FNDA:0,debounce
FNDA:0,(anonymous_29)
FNDA:0,(anonymous_30)
DA:2,2
DA:11,2
DA:12,2
DA:15,2
DA:18,2
DA:20,11
DA:21,11
DA:22,11
DA:23,11
DA:25,11
DA:26,11
DA:35,2
DA:36,0
DA:37,0
DA:38,0
DA:39,0
DA:40,0
DA:41,0
DA:44,0
DA:47,2
DA:48,0
DA:49,0
DA:51,0
DA:52,0
DA:54,0
DA:55,0
DA:57,0
DA:58,0
DA:60,0
DA:61,0
DA:63,0
DA:64,0
DA:66,0
DA:67,0
DA:69,0
DA:70,0
DA:72,0
DA:73,0
DA:75,0
DA:76,0
DA:78,0
DA:79,0
DA:81,0
DA:82,0
DA:84,0
DA:85,0
DA:87,0
DA:88,0
DA:90,0
DA:91,0
DA:93,0
DA:94,0
DA:96,0
DA:97,0
DA:99,0
DA:100,0
DA:102,0
DA:103,0
DA:105,0
DA:106,0
DA:108,0
DA:111,2
DA:112,0
DA:113,0
DA:114,0
DA:116,0
DA:119,2
DA:120,0
DA:121,0
DA:122,0
DA:124,0
DA:127,2
DA:128,0
DA:129,0
DA:131,0
DA:134,2
DA:135,0
DA:147,2
DA:148,0
DA:160,2
DA:161,0
DA:169,0
DA:172,2
DA:173,0
DA:196,0
DA:199,2
DA:200,0
DA:201,0
DA:203,0
DA:205,0
DA:206,0
DA:208,0
DA:209,0
DA:211,0
DA:212,0
DA:214,0
DA:215,0
DA:217,0
DA:218,0
DA:220,0
DA:223,0
DA:229,2
DA:230,0
DA:231,0
DA:232,0
DA:234,0
DA:235,0
DA:237,0
DA:238,0
DA:240,0
DA:241,0
DA:243,0
DA:244,0
DA:246,0
DA:247,0
DA:249,0
DA:250,0
DA:252,0
DA:256,2
DA:257,0
DA:258,0
DA:260,0
DA:261,0
DA:262,0
DA:267,2
DA:273,0
DA:274,0
DA:276,0
DA:277,0
DA:278,0
DA:279,0
DA:280,0
DA:281,0
DA:282,0
DA:283,0
DA:289,2
DA:290,0
DA:302,0
DA:305,2
DA:306,0
DA:307,0
DA:308,0
DA:309,0
DA:310,0
DA:313,2
DA:316,0
DA:317,0
DA:319,0
DA:321,0
DA:322,0
DA:324,0
DA:325,0
DA:327,0
DA:328,0
DA:331,0
DA:332,0
DA:333,0
DA:336,0
DA:341,0
DA:344,2
DA:345,0
DA:346,0
DA:348,0
DA:349,0
DA:351,0
DA:352,0
DA:354,0
DA:355,0
DA:357,0
DA:358,0
DA:361,0
DA:364,2
DA:369,0
DA:370,0
DA:373,0
DA:374,0
DA:375,0
DA:377,0
DA:378,0
DA:380,0
DA:381,0
DA:383,0
DA:384,0
DA:386,0
DA:387,0
DA:389,0
DA:390,0
DA:392,0
DA:393,0
DA:395,0
DA:396,0
DA:398,0
DA:399,0
DA:401,0
DA:402,0
DA:404,0
DA:405,0
DA:408,0
DA:412,2
DA:413,0
DA:418,2
DA:419,21
DA:421,21
DA:423,0
DA:425,0
DA:427,0
DA:429,0
DA:431,21
DA:435,2
DA:436,1
DA:437,1
DA:439,0
DA:441,0
DA:443,0
DA:445,0
DA:447,1
DA:451,2
DA:452,0
DA:453,0
DA:456,0
DA:458,0
DA:459,0
DA:462,2
DA:463,0
DA:464,0
DA:476,0
DA:479,2
DA:485,0
DA:486,0
DA:487,0
DA:489,0
DA:490,0
LF:232
LH:41
BRDA:20,0,0,11
BRDA:20,0,1,11
BRDA:21,1,0,11
BRDA:21,1,1,11
BRDA:22,2,0,11
BRDA:22,2,1,11
BRDA:23,3,0,11
BRDA:23,3,1,11
BRDA:25,4,0,11
BRDA:25,4,1,11
BRDA:38,5,0,0
BRDA:49,6,0,0
BRDA:49,6,1,0
BRDA:49,6,2,0
BRDA:49,6,3,0
BRDA:49,6,4,0
BRDA:49,6,5,0
BRDA:49,6,6,0
BRDA:49,6,7,0
BRDA:49,6,8,0
BRDA:49,6,9,0
BRDA:49,6,10,0
BRDA:49,6,11,0
BRDA:49,6,12,0
BRDA:49,6,13,0
BRDA:49,6,14,0
BRDA:49,6,15,0
BRDA:49,6,16,0
BRDA:49,6,17,0
BRDA:49,6,18,0
BRDA:200,7,0,0
BRDA:200,7,1,0
BRDA:203,8,0,0
BRDA:203,8,1,0
BRDA:203,8,2,0
BRDA:203,8,3,0
BRDA:203,8,4,0
BRDA:203,8,5,0
BRDA:232,9,0,0
BRDA:232,9,1,0
BRDA:232,9,2,0
BRDA:232,9,3,0
BRDA:232,9,4,0
BRDA:232,9,5,0
BRDA:257,10,0,0
BRDA:257,10,1,0
BRDA:273,11,0,0
BRDA:273,11,1,0
BRDA:277,12,0,0
BRDA:282,13,0,0
BRDA:282,14,0,0
BRDA:282,14,1,0
BRDA:316,15,0,0
BRDA:316,15,1,0
BRDA:319,16,0,0
BRDA:319,16,1,0
BRDA:319,16,2,0
BRDA:319,17,0,0
BRDA:319,17,1,0
BRDA:319,18,0,0
BRDA:319,18,1,0
BRDA:319,19,0,0
BRDA:319,19,1,0
BRDA:319,20,0,0
BRDA:319,20,1,0
BRDA:321,21,0,0
BRDA:321,21,1,0
BRDA:321,22,0,0
BRDA:321,22,1,0
BRDA:321,23,0,0
BRDA:321,23,1,0
BRDA:321,24,0,0
BRDA:321,24,1,0
BRDA:324,25,0,0
BRDA:324,25,1,0
BRDA:324,26,0,0
BRDA:324,26,1,0
BRDA:327,27,0,0
BRDA:327,27,1,0
BRDA:327,28,0,0
BRDA:327,28,1,0
BRDA:327,29,0,0
BRDA:327,29,1,0
BRDA:327,30,0,0
BRDA:327,30,1,0
BRDA:327,31,0,0
BRDA:327,31,1,0
BRDA:327,32,0,0
BRDA:327,32,1,0
BRDA:331,33,0,0
BRDA:331,33,1,0
BRDA:331,34,0,0
BRDA:331,34,1,0
BRDA:331,35,0,0
BRDA:331,35,1,0
BRDA:331,36,0,0
BRDA:331,36,1,0
BRDA:331,37,0,0
BRDA:331,37,1,0
BRDA:332,38,0,0
BRDA:332,39,0,0
BRDA:332,39,1,0
BRDA:332,40,0,0
BRDA:332,40,1,0
BRDA:338,41,0,0
BRDA:338,41,1,0
BRDA:346,42,0,0
BRDA:346,42,1,0
BRDA:346,42,2,0
BRDA:346,42,3,0
BRDA:369,43,0,0
BRDA:369,43,1,0
BRDA:369,44,0,0
BRDA:369,44,1,0
BRDA:373,45,0,0
BRDA:374,46,0,0
BRDA:374,46,1,0
BRDA:374,47,0,0
BRDA:374,47,1,0
BRDA:378,48,0,0
BRDA:378,48,1,0
BRDA:378,48,2,0
BRDA:378,48,3,0
BRDA:393,49,0,0
BRDA:393,49,1,0
BRDA:393,49,2,0
BRDA:393,49,3,0
BRDA:395,50,0,0
BRDA:395,50,1,0
BRDA:395,51,0,0
BRDA:395,51,1,0
BRDA:395,52,0,0
BRDA:395,52,1,0
BRDA:395,53,0,0
BRDA:395,53,1,0
BRDA:398,54,0,0
BRDA:398,54,1,0
BRDA:398,55,0,0
BRDA:398,55,1,0
BRDA:398,56,0,0
BRDA:398,56,1,0
BRDA:398,57,0,0
BRDA:398,57,1,0
BRDA:401,58,0,0
BRDA:401,58,1,0
BRDA:401,59,0,0
BRDA:401,59,1,0
BRDA:401,60,0,0
BRDA:401,60,1,0
BRDA:401,61,0,0
BRDA:401,61,1,0
BRDA:404,62,0,0
BRDA:404,62,1,0
BRDA:404,63,0,0
BRDA:404,63,1,0
BRDA:404,64,0,0
BRDA:404,64,1,0
BRDA:404,65,0,0
BRDA:404,65,1,0
BRDA:421,66,0,0
BRDA:421,66,1,0
BRDA:421,66,2,0
BRDA:421,66,3,0
BRDA:421,66,4,21
BRDA:437,67,0,0
BRDA:437,67,1,0
BRDA:437,67,2,0
BRDA:437,67,3,0
BRDA:437,67,4,1
BRDA:452,68,0,0
BRDA:463,69,0,0
BRDA:463,69,1,0
BRDA:486,70,0,0
BRF:173
BRH:12
end_of_record
